INFO:gru:|2024-08-17 22:23:25| {'classification': False, 'visualize': True, 'inductive': False, 'bs': 32, 'lr': 0.001, 'decay': 0.0001, 'loss_func': 'L1Loss', 'optim': 'AdamW', 'path': './datasets/', 'dataset': 'cpu', 'train_size': 100, 'density': 0.8, 'logger': 'None', 'model': 'gru', 'rank': 40, 'num_windows': 12, 'num_preds': 1, 'seed': 0, 'rounds': 10, 'epochs': 1000, 'patience': 100, 'verbose': 0, 'device': 'cuda', 'debug': False, 'experiment': False, 'program_test': False, 'record': True, 'train_device': 'desktop-cpu-core-i7-7820x-fp32', 'device_name': 'core-i7-7820x', 'log': <utils.logger.Logger object at 0x985a998fca0>}
INFO:gru:|2024-08-17 22:23:25| ********************Experiment Start********************
INFO:gru:|2024-08-17 22:23:47| Round=1 BestEpoch=228 MAE=0.0006 RMSE=0.0008 NMAE=0.1311 NRMSE=0.1631 Training_time=6.9 s 
INFO:gru:|2024-08-17 22:23:47| Acc = [1%=0.0583, 5%=0.2683, 10%=0.4904] 
INFO:gru:|2024-08-17 22:23:56| Round=2 BestEpoch= 33 MAE=0.0007 RMSE=0.0009 NMAE=0.1405 NRMSE=0.1773 Training_time=1.0 s 
INFO:gru:|2024-08-17 22:23:56| Acc = [1%=0.0564, 5%=0.2660, 10%=0.4807] 
INFO:gru:|2024-08-17 22:24:19| Round=3 BestEpoch=239 MAE=0.0007 RMSE=0.0009 NMAE=0.1363 NRMSE=0.1680 Training_time=7.2 s 
INFO:gru:|2024-08-17 22:24:19| Acc = [1%=0.0523, 5%=0.2536, 10%=0.4755] 
INFO:gru:|2024-08-17 22:24:28| Round=4 BestEpoch= 35 MAE=0.0007 RMSE=0.0009 NMAE=0.1403 NRMSE=0.1725 Training_time=1.1 s 
INFO:gru:|2024-08-17 22:24:28| Acc = [1%=0.0499, 5%=0.2452, 10%=0.4599] 
INFO:gru:|2024-08-17 22:24:41| Round=5 BestEpoch= 95 MAE=0.0007 RMSE=0.0009 NMAE=0.1343 NRMSE=0.1689 Training_time=2.8 s 
INFO:gru:|2024-08-17 22:24:41| Acc = [1%=0.0567, 5%=0.2830, 10%=0.5045] 
INFO:gru:|2024-08-17 22:25:13| Round=6 BestEpoch=389 MAE=0.0008 RMSE=0.0010 NMAE=0.1596 NRMSE=0.1913 Training_time=11.7 s 
INFO:gru:|2024-08-17 22:25:13| Acc = [1%=0.0433, 5%=0.2056, 10%=0.3984] 
INFO:gru:|2024-08-17 22:25:24| Round=7 BestEpoch= 62 MAE=0.0007 RMSE=0.0009 NMAE=0.1440 NRMSE=0.1786 Training_time=1.9 s 
INFO:gru:|2024-08-17 22:25:24| Acc = [1%=0.0533, 5%=0.2467, 10%=0.4634] 
INFO:gru:|2024-08-17 22:25:40| Round=8 BestEpoch=140 MAE=0.0008 RMSE=0.0010 NMAE=0.1545 NRMSE=0.1892 Training_time=4.3 s 
INFO:gru:|2024-08-17 22:25:40| Acc = [1%=0.0474, 5%=0.2275, 10%=0.4279] 
INFO:gru:|2024-08-17 22:26:02| Round=9 BestEpoch=215 MAE=0.0006 RMSE=0.0009 NMAE=0.1315 NRMSE=0.1650 Training_time=6.5 s 
INFO:gru:|2024-08-17 22:26:02| Acc = [1%=0.0582, 5%=0.2832, 10%=0.4982] 
INFO:gru:|2024-08-17 22:26:16| Round=10 BestEpoch=116 MAE=0.0007 RMSE=0.0009 NMAE=0.1407 NRMSE=0.1752 Training_time=3.5 s 
INFO:gru:|2024-08-17 22:26:16| Acc = [1%=0.0509, 5%=0.2562, 10%=0.4674] 
INFO:gru:|2024-08-17 22:26:16| ********************Experiment Results:********************
INFO:gru:|2024-08-17 22:26:16| MAE: 0.0007 ± 0.0000
INFO:gru:|2024-08-17 22:26:16| RMSE: 0.0009 ± 0.0000
INFO:gru:|2024-08-17 22:26:16| NMAE: 0.1413 ± 0.0089
INFO:gru:|2024-08-17 22:26:16| NRMSE: 0.1749 ± 0.0090
INFO:gru:|2024-08-17 22:26:16| Acc_1: 0.0527 ± 0.0047
INFO:gru:|2024-08-17 22:26:16| Acc_5: 0.2535 ± 0.0228
INFO:gru:|2024-08-17 22:26:16| Acc_10: 0.4666 ± 0.0308
INFO:gru:|2024-08-17 22:26:16| ********************Experiment Success********************
