INFO:gru:|2024-08-17 23:04:51| {'classification': False, 'visualize': True, 'inductive': False, 'bs': 32, 'lr': 0.001, 'decay': 0.0001, 'loss_func': 'L1Loss', 'optim': 'AdamW', 'path': './datasets/', 'dataset': 'cpu', 'train_size': 200, 'density': 0.8, 'logger': 'None', 'model': 'gru', 'rank': 40, 'num_windows': 12, 'num_preds': 1, 'seed': 0, 'rounds': 10, 'epochs': 1000, 'patience': 100, 'verbose': 0, 'device': 'cuda', 'debug': False, 'experiment': False, 'program_test': False, 'record': True, 'train_device': 'desktop-cpu-core-i7-7820x-fp32', 'device_name': 'core-i7-7820x', 'log': <utils.logger.Logger object at 0xcd15c2a8ca0>}
INFO:gru:|2024-08-17 23:04:51| ********************Experiment Start********************
INFO:gru:|2024-08-17 23:05:41| Round=1 BestEpoch=601 MAE=0.0005 RMSE=0.0007 NMAE=0.1042 NRMSE=0.1316 Training_time=20.0 s 
INFO:gru:|2024-08-17 23:05:41| Acc = [1%=0.0702, 5%=0.3397, 10%=0.5932] 
INFO:gru:|2024-08-17 23:06:23| Round=2 BestEpoch=504 MAE=0.0005 RMSE=0.0007 NMAE=0.1114 NRMSE=0.1397 Training_time=16.8 s 
INFO:gru:|2024-08-17 23:06:23| Acc = [1%=0.0671, 5%=0.3233, 10%=0.5555] 
INFO:gru:|2024-08-17 23:06:52| Round=3 BestEpoch=309 MAE=0.0005 RMSE=0.0007 NMAE=0.1118 NRMSE=0.1393 Training_time=10.4 s 
INFO:gru:|2024-08-17 23:06:52| Acc = [1%=0.0672, 5%=0.3178, 10%=0.5586] 
INFO:gru:|2024-08-17 23:07:22| Round=4 BestEpoch=325 MAE=0.0005 RMSE=0.0006 NMAE=0.0992 NRMSE=0.1240 Training_time=10.8 s 
INFO:gru:|2024-08-17 23:07:22| Acc = [1%=0.0772, 5%=0.3516, 10%=0.5977] 
INFO:gru:|2024-08-17 23:08:02| Round=5 BestEpoch=474 MAE=0.0006 RMSE=0.0008 NMAE=0.1165 NRMSE=0.1486 Training_time=15.9 s 
INFO:gru:|2024-08-17 23:08:02| Acc = [1%=0.0688, 5%=0.3202, 10%=0.5550] 
INFO:gru:|2024-08-17 23:08:57| Round=6 BestEpoch=687 MAE=0.0005 RMSE=0.0006 NMAE=0.0955 NRMSE=0.1202 Training_time=23.0 s 
INFO:gru:|2024-08-17 23:08:57| Acc = [1%=0.0806, 5%=0.3756, 10%=0.6183] 
INFO:gru:|2024-08-17 23:09:34| Round=7 BestEpoch=424 MAE=0.0006 RMSE=0.0008 NMAE=0.1203 NRMSE=0.1516 Training_time=14.2 s 
INFO:gru:|2024-08-17 23:09:34| Acc = [1%=0.0650, 5%=0.3057, 10%=0.5389] 
INFO:gru:|2024-08-17 23:10:09| Round=8 BestEpoch=401 MAE=0.0005 RMSE=0.0007 NMAE=0.0999 NRMSE=0.1259 Training_time=13.5 s 
INFO:gru:|2024-08-17 23:10:09| Acc = [1%=0.0745, 5%=0.3520, 10%=0.6002] 
INFO:gru:|2024-08-17 23:10:41| Round=9 BestEpoch=341 MAE=0.0005 RMSE=0.0007 NMAE=0.1116 NRMSE=0.1414 Training_time=11.5 s 
INFO:gru:|2024-08-17 23:10:41| Acc = [1%=0.0753, 5%=0.3363, 10%=0.5634] 
INFO:gru:|2024-08-17 23:11:20| Round=10 BestEpoch=461 MAE=0.0006 RMSE=0.0008 NMAE=0.1192 NRMSE=0.1523 Training_time=15.5 s 
INFO:gru:|2024-08-17 23:11:20| Acc = [1%=0.0685, 5%=0.3181, 10%=0.5533] 
INFO:gru:|2024-08-17 23:11:20| ********************Experiment Results:********************
INFO:gru:|2024-08-17 23:11:20| MAE: 0.0005 ± 0.0000
INFO:gru:|2024-08-17 23:11:20| RMSE: 0.0007 ± 0.0001
INFO:gru:|2024-08-17 23:11:20| NMAE: 0.1090 ± 0.0083
INFO:gru:|2024-08-17 23:11:20| NRMSE: 0.1375 ± 0.0110
INFO:gru:|2024-08-17 23:11:20| Acc_1: 0.0714 ± 0.0049
INFO:gru:|2024-08-17 23:11:20| Acc_5: 0.3340 ± 0.0201
INFO:gru:|2024-08-17 23:11:20| Acc_10: 0.5734 ± 0.0251
INFO:gru:|2024-08-17 23:11:20| ********************Experiment Success********************
