INFO:mlp:|2024-08-18 00:25:12| {'classification': False, 'visualize': True, 'inductive': False, 'bs': 32, 'lr': 0.001, 'decay': 0.0001, 'loss_func': 'L1Loss', 'optim': 'AdamW', 'path': './datasets/', 'dataset': 'cpu', 'train_size': 500, 'density': 0.8, 'logger': 'None', 'model': 'mlp', 'rank': 40, 'num_windows': 12, 'num_preds': 1, 'seed': 0, 'rounds': 10, 'epochs': 1000, 'patience': 100, 'verbose': 0, 'device': 'cuda', 'debug': False, 'experiment': False, 'program_test': False, 'record': True, 'train_device': 'desktop-cpu-core-i7-7820x-fp32', 'device_name': 'core-i7-7820x', 'log': <utils.logger.Logger object at 0x7e8f10a8ca0>}
INFO:mlp:|2024-08-18 00:25:12| ********************Experiment Start********************
INFO:mlp:|2024-08-18 00:25:29| Round=1 BestEpoch=117 MAE=0.0005 RMSE=0.0007 NMAE=0.1068 NRMSE=0.1293 Training_time=4.9 s 
INFO:mlp:|2024-08-18 00:25:29| Acc = [1%=0.0623, 5%=0.3072, 10%=0.5532] 
INFO:mlp:|2024-08-18 00:25:41| Round=2 BestEpoch= 50 MAE=0.0005 RMSE=0.0006 NMAE=0.1018 NRMSE=0.1233 Training_time=2.1 s 
INFO:mlp:|2024-08-18 00:25:41| Acc = [1%=0.0663, 5%=0.3251, 10%=0.5782] 
INFO:mlp:|2024-08-18 00:26:04| Round=3 BestEpoch=190 MAE=0.0005 RMSE=0.0006 NMAE=0.0966 NRMSE=0.1179 Training_time=7.9 s 
INFO:mlp:|2024-08-18 00:26:04| Acc = [1%=0.0705, 5%=0.3503, 10%=0.6015] 
INFO:mlp:|2024-08-18 00:26:17| Round=4 BestEpoch= 70 MAE=0.0005 RMSE=0.0006 NMAE=0.1003 NRMSE=0.1228 Training_time=3.0 s 
INFO:mlp:|2024-08-18 00:26:17| Acc = [1%=0.0702, 5%=0.3305, 10%=0.5911] 
INFO:mlp:|2024-08-18 00:26:32| Round=5 BestEpoch= 95 MAE=0.0005 RMSE=0.0006 NMAE=0.1006 NRMSE=0.1224 Training_time=3.9 s 
INFO:mlp:|2024-08-18 00:26:32| Acc = [1%=0.0720, 5%=0.3311, 10%=0.5769] 
INFO:mlp:|2024-08-18 00:26:46| Round=6 BestEpoch= 69 MAE=0.0005 RMSE=0.0006 NMAE=0.0929 NRMSE=0.1122 Training_time=2.9 s 
INFO:mlp:|2024-08-18 00:26:46| Acc = [1%=0.0692, 5%=0.3421, 10%=0.6086] 
INFO:mlp:|2024-08-18 00:27:00| Round=7 BestEpoch= 88 MAE=0.0005 RMSE=0.0006 NMAE=0.0963 NRMSE=0.1177 Training_time=3.7 s 
INFO:mlp:|2024-08-18 00:27:00| Acc = [1%=0.0752, 5%=0.3499, 10%=0.5986] 
INFO:mlp:|2024-08-18 00:27:14| Round=8 BestEpoch= 79 MAE=0.0004 RMSE=0.0006 NMAE=0.0915 NRMSE=0.1133 Training_time=3.3 s 
INFO:mlp:|2024-08-18 00:27:14| Acc = [1%=0.0736, 5%=0.3588, 10%=0.6271] 
INFO:mlp:|2024-08-18 00:27:31| Round=9 BestEpoch=115 MAE=0.0005 RMSE=0.0006 NMAE=0.0979 NRMSE=0.1182 Training_time=4.8 s 
INFO:mlp:|2024-08-18 00:27:31| Acc = [1%=0.0722, 5%=0.3350, 10%=0.5807] 
INFO:mlp:|2024-08-18 00:27:44| Round=10 BestEpoch= 58 MAE=0.0005 RMSE=0.0007 NMAE=0.1102 NRMSE=0.1353 Training_time=2.4 s 
INFO:mlp:|2024-08-18 00:27:44| Acc = [1%=0.0645, 5%=0.3076, 10%=0.5493] 
INFO:mlp:|2024-08-18 00:27:44| ********************Experiment Results:********************
INFO:mlp:|2024-08-18 00:27:44| MAE: 0.0005 ± 0.0000
INFO:mlp:|2024-08-18 00:27:44| RMSE: 0.0006 ± 0.0000
INFO:mlp:|2024-08-18 00:27:44| NMAE: 0.0995 ± 0.0055
INFO:mlp:|2024-08-18 00:27:44| NRMSE: 0.1212 ± 0.0067
INFO:mlp:|2024-08-18 00:27:44| Acc_1: 0.0696 ± 0.0039
INFO:mlp:|2024-08-18 00:27:44| Acc_5: 0.3338 ± 0.0165
INFO:mlp:|2024-08-18 00:27:44| Acc_10: 0.5865 ± 0.0229
INFO:mlp:|2024-08-18 00:27:44| ********************Experiment Success********************
