INFO:mlp:|2024-08-18 00:41:29| {'classification': False, 'visualize': True, 'inductive': False, 'bs': 32, 'lr': 0.001, 'decay': 0.0001, 'loss_func': 'L1Loss', 'optim': 'AdamW', 'path': './datasets/', 'dataset': 'cpu', 'train_size': 900, 'density': 0.8, 'logger': 'None', 'model': 'mlp', 'rank': 40, 'num_windows': 12, 'num_preds': 1, 'seed': 0, 'rounds': 10, 'epochs': 1000, 'patience': 100, 'verbose': 0, 'device': 'cuda', 'debug': False, 'experiment': False, 'program_test': False, 'record': True, 'train_device': 'desktop-cpu-core-i7-7820x-fp32', 'device_name': 'core-i7-7820x', 'log': <utils.logger.Logger object at 0x13ee0f74fca0>}
INFO:mlp:|2024-08-18 00:41:29| ********************Experiment Start********************
INFO:mlp:|2024-08-18 00:41:48| Round=1 BestEpoch=107 MAE=0.0004 RMSE=0.0005 NMAE=0.0756 NRMSE=0.0938 Training_time=5.8 s 
INFO:mlp:|2024-08-18 00:41:48| Acc = [1%=0.0960, 5%=0.4259, 10%=0.6931] 
INFO:mlp:|2024-08-18 00:42:03| Round=2 BestEpoch= 64 MAE=0.0003 RMSE=0.0004 NMAE=0.0686 NRMSE=0.0848 Training_time=3.4 s 
INFO:mlp:|2024-08-18 00:42:03| Acc = [1%=0.1005, 5%=0.4636, 10%=0.7328] 
INFO:mlp:|2024-08-18 00:42:18| Round=3 BestEpoch= 70 MAE=0.0004 RMSE=0.0005 NMAE=0.0753 NRMSE=0.0927 Training_time=3.8 s 
INFO:mlp:|2024-08-18 00:42:18| Acc = [1%=0.0899, 5%=0.4336, 10%=0.6964] 
INFO:mlp:|2024-08-18 00:42:46| Round=4 BestEpoch=201 MAE=0.0004 RMSE=0.0005 NMAE=0.0756 NRMSE=0.0934 Training_time=10.6 s 
INFO:mlp:|2024-08-18 00:42:46| Acc = [1%=0.0951, 5%=0.4326, 10%=0.6953] 
INFO:mlp:|2024-08-18 00:43:07| Round=5 BestEpoch=131 MAE=0.0003 RMSE=0.0004 NMAE=0.0663 NRMSE=0.0825 Training_time=7.0 s 
INFO:mlp:|2024-08-18 00:43:07| Acc = [1%=0.1063, 5%=0.4852, 10%=0.7466] 
INFO:mlp:|2024-08-18 00:43:23| Round=6 BestEpoch= 73 MAE=0.0003 RMSE=0.0004 NMAE=0.0696 NRMSE=0.0848 Training_time=3.9 s 
INFO:mlp:|2024-08-18 00:43:23| Acc = [1%=0.1007, 5%=0.4594, 10%=0.7244] 
INFO:mlp:|2024-08-18 00:43:39| Round=7 BestEpoch= 86 MAE=0.0003 RMSE=0.0004 NMAE=0.0626 NRMSE=0.0777 Training_time=4.5 s 
INFO:mlp:|2024-08-18 00:43:39| Acc = [1%=0.1129, 5%=0.4999, 10%=0.7586] 
INFO:mlp:|2024-08-18 00:43:58| Round=8 BestEpoch=105 MAE=0.0003 RMSE=0.0004 NMAE=0.0670 NRMSE=0.0829 Training_time=5.5 s 
INFO:mlp:|2024-08-18 00:43:58| Acc = [1%=0.1001, 5%=0.4692, 10%=0.7473] 
INFO:mlp:|2024-08-18 00:44:18| Round=9 BestEpoch=121 MAE=0.0003 RMSE=0.0004 NMAE=0.0678 NRMSE=0.0835 Training_time=6.5 s 
INFO:mlp:|2024-08-18 00:44:18| Acc = [1%=0.1040, 5%=0.4701, 10%=0.7304] 
INFO:mlp:|2024-08-18 00:44:35| Round=10 BestEpoch= 78 MAE=0.0004 RMSE=0.0005 NMAE=0.0753 NRMSE=0.0929 Training_time=4.2 s 
INFO:mlp:|2024-08-18 00:44:35| Acc = [1%=0.0967, 5%=0.4275, 10%=0.6943] 
INFO:mlp:|2024-08-18 00:44:35| ********************Experiment Results:********************
INFO:mlp:|2024-08-18 00:44:35| MAE: 0.0003 ± 0.0000
INFO:mlp:|2024-08-18 00:44:35| RMSE: 0.0005 ± 0.0000
INFO:mlp:|2024-08-18 00:44:35| NMAE: 0.0704 ± 0.0045
INFO:mlp:|2024-08-18 00:44:35| NRMSE: 0.0869 ± 0.0055
INFO:mlp:|2024-08-18 00:44:35| Acc_1: 0.1002 ± 0.0061
INFO:mlp:|2024-08-18 00:44:35| Acc_5: 0.4567 ± 0.0245
INFO:mlp:|2024-08-18 00:44:35| Acc_10: 0.7219 ± 0.0240
INFO:mlp:|2024-08-18 00:44:35| ********************Experiment Success********************
