INFO:birnn:|2024-08-18 00:35:25| {'classification': False, 'visualize': True, 'inductive': False, 'bs': 32, 'lr': 0.001, 'decay': 0.0001, 'loss_func': 'L1Loss', 'optim': 'AdamW', 'path': './datasets/', 'dataset': 'cpu', 'train_size': 500, 'density': 0.8, 'logger': 'None', 'model': 'birnn', 'rank': 40, 'num_windows': 12, 'num_preds': 1, 'seed': 0, 'rounds': 10, 'epochs': 1000, 'patience': 100, 'verbose': 0, 'device': 'cuda', 'debug': False, 'experiment': False, 'program_test': False, 'record': True, 'train_device': 'desktop-cpu-core-i7-7820x-fp32', 'device_name': 'core-i7-7820x', 'log': <utils.logger.Logger object at 0x101f6398fca0>}
INFO:birnn:|2024-08-18 00:35:25| ********************Experiment Start********************
INFO:birnn:|2024-08-18 00:35:52| Round=1 BestEpoch=224 MAE=0.0003 RMSE=0.0004 NMAE=0.0557 NRMSE=0.0724 Training_time=10.1 s 
INFO:birnn:|2024-08-18 00:35:52| Acc = [1%=0.1343, 5%=0.5671, 10%=0.8122] 
INFO:birnn:|2024-08-18 00:36:13| Round=2 BestEpoch=148 MAE=0.0003 RMSE=0.0004 NMAE=0.0549 NRMSE=0.0706 Training_time=6.7 s 
INFO:birnn:|2024-08-18 00:36:13| Acc = [1%=0.1377, 5%=0.5733, 10%=0.8118] 
INFO:birnn:|2024-08-18 00:36:47| Round=3 BestEpoch=311 MAE=0.0003 RMSE=0.0004 NMAE=0.0558 NRMSE=0.0695 Training_time=14.1 s 
INFO:birnn:|2024-08-18 00:36:47| Acc = [1%=0.1285, 5%=0.5478, 10%=0.8062] 
INFO:birnn:|2024-08-18 00:37:08| Round=4 BestEpoch=146 MAE=0.0003 RMSE=0.0004 NMAE=0.0583 NRMSE=0.0747 Training_time=6.6 s 
INFO:birnn:|2024-08-18 00:37:08| Acc = [1%=0.1290, 5%=0.5428, 10%=0.7897] 
INFO:birnn:|2024-08-18 00:37:39| Round=5 BestEpoch=269 MAE=0.0003 RMSE=0.0004 NMAE=0.0586 NRMSE=0.0741 Training_time=12.2 s 
INFO:birnn:|2024-08-18 00:37:39| Acc = [1%=0.1287, 5%=0.5459, 10%=0.7864] 
INFO:birnn:|2024-08-18 00:38:58| Round=6 BestEpoch=835 MAE=0.0003 RMSE=0.0004 NMAE=0.0575 NRMSE=0.0753 Training_time=37.7 s 
INFO:birnn:|2024-08-18 00:38:58| Acc = [1%=0.1255, 5%=0.5654, 10%=0.8107] 
INFO:birnn:|2024-08-18 00:39:23| Round=7 BestEpoch=203 MAE=0.0003 RMSE=0.0004 NMAE=0.0583 NRMSE=0.0755 Training_time=9.1 s 
INFO:birnn:|2024-08-18 00:39:23| Acc = [1%=0.1314, 5%=0.5573, 10%=0.7928] 
INFO:birnn:|2024-08-18 00:39:49| Round=8 BestEpoch=210 MAE=0.0003 RMSE=0.0004 NMAE=0.0555 NRMSE=0.0743 Training_time=9.3 s 
INFO:birnn:|2024-08-18 00:39:49| Acc = [1%=0.1402, 5%=0.5821, 10%=0.8168] 
INFO:birnn:|2024-08-18 00:40:23| Round=9 BestEpoch=303 MAE=0.0003 RMSE=0.0004 NMAE=0.0587 NRMSE=0.0759 Training_time=13.7 s 
INFO:birnn:|2024-08-18 00:40:23| Acc = [1%=0.1331, 5%=0.5538, 10%=0.7933] 
INFO:birnn:|2024-08-18 00:40:53| Round=10 BestEpoch=258 MAE=0.0003 RMSE=0.0004 NMAE=0.0610 NRMSE=0.0798 Training_time=11.6 s 
INFO:birnn:|2024-08-18 00:40:53| Acc = [1%=0.1252, 5%=0.5361, 10%=0.7933] 
INFO:birnn:|2024-08-18 00:40:53| ********************Experiment Results:********************
INFO:birnn:|2024-08-18 00:40:53| MAE: 0.0003 ± 0.0000
INFO:birnn:|2024-08-18 00:40:53| RMSE: 0.0004 ± 0.0000
INFO:birnn:|2024-08-18 00:40:53| NMAE: 0.0574 ± 0.0018
INFO:birnn:|2024-08-18 00:40:53| NRMSE: 0.0742 ± 0.0027
INFO:birnn:|2024-08-18 00:40:53| Acc_1: 0.1314 ± 0.0047
INFO:birnn:|2024-08-18 00:40:53| Acc_5: 0.5572 ± 0.0139
INFO:birnn:|2024-08-18 00:40:53| Acc_10: 0.8013 ± 0.0107
INFO:birnn:|2024-08-18 00:40:53| ********************Experiment Success********************
