INFO:gcn:|2024-07-23 11:43:11| {'classification': False, 'visualize': True, 'inductive': False, 'bs': 32, 'lr': 0.001, 'decay': 0.0001, 'loss_func': 'L1Loss', 'optim': 'AdamW', 'path': './datasets/', 'dataset': 'cpu', 'train_size': 50, 'density': 0.8, 'logger': 'None', 'model': 'gcn', 'rank': 300, 'num_windows': 12, 'num_preds': 1, 'seed': 0, 'rounds': 5, 'epochs': 500, 'patience': 50, 'verbose': 0, 'device': 'cuda', 'debug': False, 'experiment': False, 'program_test': False, 'record': True, 'train_device': 'desktop-cpu-core-i7-7820x-fp32', 'device_name': 'core-i7-7820x', 'log': <utils.logger.Logger object at 0x9986b7e91f0>}
INFO:gcn:|2024-07-23 11:43:11| ********************Experiment Start********************
INFO:gcn:|2024-07-23 11:44:15| Round=1 BestEpoch=184 MAE=0.0004 RMSE=0.0006 NMAE=0.0856 NRMSE=0.1113 Training_time=8.7 s 
INFO:gcn:|2024-07-23 11:44:15| Acc = [1%=0.0684, 5%=0.4059, 10%=0.6739] 
INFO:gcn:|2024-07-23 11:45:09| Round=2 BestEpoch=144 MAE=0.0004 RMSE=0.0006 NMAE=0.0906 NRMSE=0.1201 Training_time=6.8 s 
INFO:gcn:|2024-07-23 11:45:09| Acc = [1%=0.0789, 5%=0.3728, 10%=0.6175] 
INFO:gcn:|2024-07-23 11:46:17| Round=3 BestEpoch=152 MAE=0.0005 RMSE=0.0007 NMAE=0.0968 NRMSE=0.1262 Training_time=8.0 s 
INFO:gcn:|2024-07-23 11:46:17| Acc = [1%=0.0759, 5%=0.3374, 10%=0.6348] 
INFO:gcn:|2024-07-23 11:47:36| Round=4 BestEpoch=238 MAE=0.0004 RMSE=0.0006 NMAE=0.0852 NRMSE=0.1115 Training_time=11.3 s 
INFO:gcn:|2024-07-23 11:47:36| Acc = [1%=0.0959, 5%=0.4274, 10%=0.6930] 
INFO:gcn:|2024-07-23 11:48:41| Round=5 BestEpoch=186 MAE=0.0004 RMSE=0.0005 NMAE=0.0753 NRMSE=0.1035 Training_time=8.8 s 
INFO:gcn:|2024-07-23 11:48:41| Acc = [1%=0.0967, 5%=0.5206, 10%=0.7388] 
INFO:gcn:|2024-07-23 11:48:41| ********************Experiment Results:********************
INFO:gcn:|2024-07-23 11:48:41| MAE: 0.0004 ± 0.0000
INFO:gcn:|2024-07-23 11:48:41| RMSE: 0.0006 ± 0.0000
INFO:gcn:|2024-07-23 11:48:41| NMAE: 0.0867 ± 0.0071
INFO:gcn:|2024-07-23 11:48:41| NRMSE: 0.1145 ± 0.0079
INFO:gcn:|2024-07-23 11:48:41| Acc_1: 0.0831 ± 0.0113
INFO:gcn:|2024-07-23 11:48:41| Acc_5: 0.4128 ± 0.0619
INFO:gcn:|2024-07-23 11:48:41| Acc_10: 0.6716 ± 0.0430
INFO:gcn:|2024-07-23 11:48:41| ********************Experiment Success********************
