INFO:birnn:|2024-08-17 22:26:17| {'classification': False, 'visualize': True, 'inductive': False, 'bs': 32, 'lr': 0.001, 'decay': 0.0001, 'loss_func': 'L1Loss', 'optim': 'AdamW', 'path': './datasets/', 'dataset': 'cpu', 'train_size': 100, 'density': 0.8, 'logger': 'None', 'model': 'birnn', 'rank': 40, 'num_windows': 12, 'num_preds': 1, 'seed': 0, 'rounds': 10, 'epochs': 1000, 'patience': 100, 'verbose': 0, 'device': 'cuda', 'debug': False, 'experiment': False, 'program_test': False, 'record': True, 'train_device': 'desktop-cpu-core-i7-7820x-fp32', 'device_name': 'core-i7-7820x', 'log': <utils.logger.Logger object at 0xa765c7cfca0>}
INFO:birnn:|2024-08-17 22:26:17| ********************Experiment Start********************
INFO:birnn:|2024-08-17 22:26:27| Round=1 BestEpoch= 34 MAE=0.0007 RMSE=0.0009 NMAE=0.1351 NRMSE=0.1696 Training_time=1.1 s 
INFO:birnn:|2024-08-17 22:26:27| Acc = [1%=0.0565, 5%=0.2633, 10%=0.4921] 
INFO:birnn:|2024-08-17 22:26:40| Round=2 BestEpoch= 79 MAE=0.0007 RMSE=0.0009 NMAE=0.1408 NRMSE=0.1716 Training_time=2.5 s 
INFO:birnn:|2024-08-17 22:26:40| Acc = [1%=0.0462, 5%=0.2310, 10%=0.4512] 
INFO:birnn:|2024-08-17 22:26:50| Round=3 BestEpoch= 44 MAE=0.0006 RMSE=0.0008 NMAE=0.1290 NRMSE=0.1621 Training_time=1.4 s 
INFO:birnn:|2024-08-17 22:26:50| Acc = [1%=0.0587, 5%=0.2749, 10%=0.5060] 
INFO:birnn:|2024-08-17 22:27:01| Round=4 BestEpoch= 69 MAE=0.0007 RMSE=0.0009 NMAE=0.1347 NRMSE=0.1672 Training_time=2.2 s 
INFO:birnn:|2024-08-17 22:27:01| Acc = [1%=0.0559, 5%=0.2646, 10%=0.4871] 
INFO:birnn:|2024-08-17 22:27:30| Round=5 BestEpoch=313 MAE=0.0006 RMSE=0.0009 NMAE=0.1332 NRMSE=0.1665 Training_time=9.9 s 
INFO:birnn:|2024-08-17 22:27:30| Acc = [1%=0.0612, 5%=0.2783, 10%=0.4967] 
INFO:birnn:|2024-08-17 22:27:55| Round=6 BestEpoch=267 MAE=0.0006 RMSE=0.0008 NMAE=0.1308 NRMSE=0.1620 Training_time=8.4 s 
INFO:birnn:|2024-08-17 22:27:55| Acc = [1%=0.0533, 5%=0.2638, 10%=0.4902] 
INFO:birnn:|2024-08-17 22:28:11| Round=7 BestEpoch=123 MAE=0.0006 RMSE=0.0009 NMAE=0.1313 NRMSE=0.1639 Training_time=3.9 s 
INFO:birnn:|2024-08-17 22:28:11| Acc = [1%=0.0554, 5%=0.2771, 10%=0.5030] 
INFO:birnn:|2024-08-17 22:28:30| Round=8 BestEpoch=176 MAE=0.0006 RMSE=0.0008 NMAE=0.1307 NRMSE=0.1624 Training_time=5.6 s 
INFO:birnn:|2024-08-17 22:28:30| Acc = [1%=0.0553, 5%=0.2734, 10%=0.4921] 
INFO:birnn:|2024-08-17 22:29:00| Round=9 BestEpoch=327 MAE=0.0006 RMSE=0.0008 NMAE=0.1258 NRMSE=0.1608 Training_time=10.3 s 
INFO:birnn:|2024-08-17 22:29:00| Acc = [1%=0.0659, 5%=0.3100, 10%=0.5321] 
INFO:birnn:|2024-08-17 22:29:20| Round=10 BestEpoch=194 MAE=0.0006 RMSE=0.0008 NMAE=0.1267 NRMSE=0.1615 Training_time=6.1 s 
INFO:birnn:|2024-08-17 22:29:20| Acc = [1%=0.0584, 5%=0.2893, 10%=0.5256] 
INFO:birnn:|2024-08-17 22:29:20| ********************Experiment Results:********************
INFO:birnn:|2024-08-17 22:29:20| MAE: 0.0006 ± 0.0000
INFO:birnn:|2024-08-17 22:29:20| RMSE: 0.0009 ± 0.0000
INFO:birnn:|2024-08-17 22:29:20| NMAE: 0.1318 ± 0.0042
INFO:birnn:|2024-08-17 22:29:20| NRMSE: 0.1648 ± 0.0036
INFO:birnn:|2024-08-17 22:29:20| Acc_1: 0.0567 ± 0.0049
INFO:birnn:|2024-08-17 22:29:20| Acc_5: 0.2726 ± 0.0192
INFO:birnn:|2024-08-17 22:29:20| Acc_10: 0.4976 ± 0.0211
INFO:birnn:|2024-08-17 22:29:20| ********************Experiment Success********************
