INFO:mlp:|2024-07-20 21:55:11| {'classification': False, 'visualize': True, 'bs': 32, 'lr': 0.001, 'decay': 0.0001, 'loss_func': 'L1Loss', 'optim': 'AdamW', 'path': './datasets/', 'dataset': 'cpu', 'train_size': 200, 'density': 0.8, 'device_name': 'core-i7-7820x', 'logger': 'None', 'model': 'mlp', 'rank': 40, 'num_windows': 12, 'num_preds': 1, 'seed': 0, 'rounds': 5, 'epochs': 500, 'patience': 50, 'verbose': 1, 'device': 'cuda', 'debug': False, 'experiment': False, 'program_test': False, 'record': True, 'log': <utils.logger.Logger object at 0x723f96a9c70>}
INFO:mlp:|2024-07-20 21:55:11| ********************Experiment Start********************
INFO:mlp:|2024-07-20 21:55:23| Round=1 BestEpoch= 89 MAE=0.0007 RMSE=0.0009 NMAE=0.1479 NRMSE=0.1794 Training_time=3.8 s 
INFO:mlp:|2024-07-20 21:55:23| Acc = [1%=0.0465, 5%=0.2247, 10%=0.4218] 
INFO:mlp:|2024-07-20 21:55:30| Round=2 BestEpoch= 38 MAE=0.0007 RMSE=0.0009 NMAE=0.1390 NRMSE=0.1671 Training_time=1.6 s 
INFO:mlp:|2024-07-20 21:55:30| Acc = [1%=0.0454, 5%=0.2347, 10%=0.4482] 
INFO:mlp:|2024-07-20 21:55:45| Round=3 BestEpoch=132 MAE=0.0008 RMSE=0.0010 NMAE=0.1541 NRMSE=0.1872 Training_time=5.4 s 
INFO:mlp:|2024-07-20 21:55:45| Acc = [1%=0.0468, 5%=0.2216, 10%=0.4218] 
INFO:mlp:|2024-07-20 21:55:53| Round=4 BestEpoch= 53 MAE=0.0007 RMSE=0.0009 NMAE=0.1383 NRMSE=0.1669 Training_time=2.2 s 
INFO:mlp:|2024-07-20 21:55:53| Acc = [1%=0.0504, 5%=0.2406, 10%=0.4582] 
INFO:mlp:|2024-07-20 21:56:02| Round=5 BestEpoch= 57 MAE=0.0007 RMSE=0.0009 NMAE=0.1371 NRMSE=0.1672 Training_time=2.3 s 
INFO:mlp:|2024-07-20 21:56:02| Acc = [1%=0.0523, 5%=0.2606, 10%=0.4725] 
INFO:mlp:|2024-07-20 21:56:02| ********************Experiment Results:********************
INFO:mlp:|2024-07-20 21:56:02| MAE: 0.0007 ± 0.0000
INFO:mlp:|2024-07-20 21:56:02| RMSE: 0.0009 ± 0.0000
INFO:mlp:|2024-07-20 21:56:02| NMAE: 0.1433 ± 0.0066
INFO:mlp:|2024-07-20 21:56:02| NRMSE: 0.1736 ± 0.0083
INFO:mlp:|2024-07-20 21:56:02| Acc_1: 0.0483 ± 0.0026
INFO:mlp:|2024-07-20 21:56:02| Acc_5: 0.2364 ± 0.0139
INFO:mlp:|2024-07-20 21:56:02| Acc_10: 0.4445 ± 0.0201
INFO:mlp:|2024-07-20 21:56:02| ********************Experiment Success********************
