INFO:gcn:|2024-07-20 21:37:57| {'classification': False, 'visualize': True, 'bs': 32, 'lr': 0.001, 'decay': 0.0001, 'loss_func': 'L1Loss', 'optim': 'AdamW', 'path': './datasets/', 'dataset': 'cpu', 'train_size': 100, 'density': 0.8, 'device_name': 'core-i7-7820x', 'logger': 'None', 'model': 'gcn', 'rank': 300, 'num_windows': 12, 'num_preds': 1, 'seed': 0, 'rounds': 5, 'epochs': 500, 'patience': 50, 'verbose': 1, 'device': 'cuda', 'debug': False, 'experiment': False, 'program_test': False, 'record': True, 'log': <utils.logger.Logger object at 0x6792dca9c70>}
INFO:gcn:|2024-07-20 21:37:57| ********************Experiment Start********************
INFO:gcn:|2024-07-20 21:39:21| Round=1 BestEpoch=240 MAE=0.0003 RMSE=0.0005 NMAE=0.0640 NRMSE=0.0878 Training_time=14.7 s 
INFO:gcn:|2024-07-20 21:39:21| Acc = [1%=0.1239, 5%=0.5234, 10%=0.7773] 
INFO:gcn:|2024-07-20 21:40:41| Round=2 BestEpoch=226 MAE=0.0003 RMSE=0.0004 NMAE=0.0606 NRMSE=0.0859 Training_time=13.7 s 
INFO:gcn:|2024-07-20 21:40:41| Acc = [1%=0.1238, 5%=0.5435, 10%=0.8054] 
INFO:gcn:|2024-07-20 21:42:34| Round=3 BestEpoch=342 MAE=0.0003 RMSE=0.0005 NMAE=0.0675 NRMSE=0.0986 Training_time=20.9 s 
INFO:gcn:|2024-07-20 21:42:34| Acc = [1%=0.1311, 5%=0.5773, 10%=0.8079] 
INFO:gcn:|2024-07-20 21:43:55| Round=4 BestEpoch=231 MAE=0.0003 RMSE=0.0005 NMAE=0.0642 NRMSE=0.0899 Training_time=14.0 s 
INFO:gcn:|2024-07-20 21:43:55| Acc = [1%=0.1158, 5%=0.5583, 10%=0.7638] 
INFO:gcn:|2024-07-20 21:45:22| Round=5 BestEpoch=221 MAE=0.0003 RMSE=0.0005 NMAE=0.0643 NRMSE=0.0900 Training_time=13.5 s 
INFO:gcn:|2024-07-20 21:45:22| Acc = [1%=0.1153, 5%=0.5234, 10%=0.7802] 
INFO:gcn:|2024-07-20 21:45:22| ********************Experiment Results:********************
INFO:gcn:|2024-07-20 21:45:22| MAE: 0.0003 ± 0.0000
INFO:gcn:|2024-07-20 21:45:22| RMSE: 0.0005 ± 0.0000
INFO:gcn:|2024-07-20 21:45:22| NMAE: 0.0641 ± 0.0022
INFO:gcn:|2024-07-20 21:45:22| NRMSE: 0.0904 ± 0.0044
INFO:gcn:|2024-07-20 21:45:22| Acc_1: 0.1220 ± 0.0059
INFO:gcn:|2024-07-20 21:45:22| Acc_5: 0.5452 ± 0.0208
INFO:gcn:|2024-07-20 21:45:22| Acc_10: 0.7869 ± 0.0170
INFO:gcn:|2024-07-20 21:45:22| ********************Experiment Success********************
