INFO:gcn:|2024-07-20 22:41:02| {'classification': False, 'visualize': True, 'bs': 32, 'lr': 0.001, 'decay': 0.0001, 'loss_func': 'L1Loss', 'optim': 'AdamW', 'path': './datasets/', 'dataset': 'cpu', 'train_size': 500, 'density': 0.8, 'device_name': 'core-i7-7820x', 'logger': 'None', 'model': 'gcn', 'rank': 300, 'num_windows': 12, 'num_preds': 1, 'seed': 0, 'rounds': 5, 'epochs': 500, 'patience': 50, 'verbose': 1, 'device': 'cuda', 'debug': False, 'experiment': False, 'program_test': False, 'record': True, 'log': <utils.logger.Logger object at 0xd86121d0c70>}
INFO:gcn:|2024-07-20 22:41:02| ********************Experiment Start********************
INFO:gcn:|2024-07-20 22:42:30| Round=1 BestEpoch=191 MAE=0.0001 RMSE=0.0002 NMAE=0.0297 NRMSE=0.0439 Training_time=23.0 s 
INFO:gcn:|2024-07-20 22:42:30| Acc = [1%=0.2944, 5%=0.8076, 10%=0.9516] 
INFO:gcn:|2024-07-20 22:43:47| Round=2 BestEpoch=159 MAE=0.0002 RMSE=0.0002 NMAE=0.0333 NRMSE=0.0468 Training_time=19.2 s 
INFO:gcn:|2024-07-20 22:43:47| Acc = [1%=0.2066, 5%=0.7775, 10%=0.9538] 
INFO:gcn:|2024-07-20 22:45:10| Round=3 BestEpoch=179 MAE=0.0002 RMSE=0.0002 NMAE=0.0312 NRMSE=0.0444 Training_time=21.5 s 
INFO:gcn:|2024-07-20 22:45:10| Acc = [1%=0.2488, 5%=0.7962, 10%=0.9476] 
INFO:gcn:|2024-07-20 22:47:28| Round=4 BestEpoch=291 MAE=0.0002 RMSE=0.0003 NMAE=0.0332 NRMSE=0.0496 Training_time=36.3 s 
INFO:gcn:|2024-07-20 22:47:28| Acc = [1%=0.2508, 5%=0.7628, 10%=0.9457] 
INFO:gcn:|2024-07-20 22:49:20| Round=5 BestEpoch=266 MAE=0.0002 RMSE=0.0003 NMAE=0.0331 NRMSE=0.0502 Training_time=31.4 s 
INFO:gcn:|2024-07-20 22:49:20| Acc = [1%=0.2638, 5%=0.7947, 10%=0.9390] 
INFO:gcn:|2024-07-20 22:49:20| ********************Experiment Results:********************
INFO:gcn:|2024-07-20 22:49:20| MAE: 0.0002 ± 0.0000
INFO:gcn:|2024-07-20 22:49:20| RMSE: 0.0002 ± 0.0000
INFO:gcn:|2024-07-20 22:49:20| NMAE: 0.0321 ± 0.0014
INFO:gcn:|2024-07-20 22:49:20| NRMSE: 0.0470 ± 0.0026
INFO:gcn:|2024-07-20 22:49:20| Acc_1: 0.2529 ± 0.0283
INFO:gcn:|2024-07-20 22:49:20| Acc_5: 0.7878 ± 0.0157
INFO:gcn:|2024-07-20 22:49:20| Acc_10: 0.9476 ± 0.0052
INFO:gcn:|2024-07-20 22:49:20| ********************Experiment Success********************
