INFO:gcn:|2024-07-20 23:34:53| {'classification': False, 'visualize': True, 'bs': 32, 'lr': 0.001, 'decay': 0.0001, 'loss_func': 'L1Loss', 'optim': 'AdamW', 'path': './datasets/', 'dataset': 'cpu', 'train_size': 900, 'density': 0.8, 'device_name': 'core-i7-7820x', 'logger': 'None', 'model': 'gcn', 'rank': 300, 'num_windows': 12, 'num_preds': 1, 'seed': 0, 'rounds': 5, 'epochs': 500, 'patience': 50, 'verbose': 1, 'device': 'cuda', 'debug': False, 'experiment': False, 'program_test': False, 'record': True, 'log': <utils.logger.Logger object at 0xa49900e9c70>}
INFO:gcn:|2024-07-20 23:34:53| ********************Experiment Start********************
INFO:gcn:|2024-07-20 23:36:47| Round=1 BestEpoch=230 MAE=0.0001 RMSE=0.0002 NMAE=0.0267 NRMSE=0.0400 Training_time=39.9 s 
INFO:gcn:|2024-07-20 23:36:47| Acc = [1%=0.3004, 5%=0.8422, 10%=0.9609] 
INFO:gcn:|2024-07-20 23:38:27| Round=2 BestEpoch=197 MAE=0.0001 RMSE=0.0002 NMAE=0.0268 NRMSE=0.0409 Training_time=34.2 s 
INFO:gcn:|2024-07-20 23:38:27| Acc = [1%=0.3366, 5%=0.8612, 10%=0.9607] 
INFO:gcn:|2024-07-20 23:40:10| Round=3 BestEpoch=191 MAE=0.0001 RMSE=0.0002 NMAE=0.0273 NRMSE=0.0397 Training_time=33.1 s 
INFO:gcn:|2024-07-20 23:40:10| Acc = [1%=0.2769, 5%=0.8461, 10%=0.9662] 
INFO:gcn:|2024-07-20 23:42:13| Round=4 BestEpoch=253 MAE=0.0001 RMSE=0.0002 NMAE=0.0267 NRMSE=0.0394 Training_time=44.0 s 
INFO:gcn:|2024-07-20 23:42:13| Acc = [1%=0.2932, 5%=0.8515, 10%=0.9657] 
INFO:gcn:|2024-07-20 23:44:17| Round=5 BestEpoch=258 MAE=0.0001 RMSE=0.0002 NMAE=0.0272 NRMSE=0.0409 Training_time=44.6 s 
INFO:gcn:|2024-07-20 23:44:17| Acc = [1%=0.2932, 5%=0.8532, 10%=0.9605] 
INFO:gcn:|2024-07-20 23:44:17| ********************Experiment Results:********************
INFO:gcn:|2024-07-20 23:44:17| MAE: 0.0001 ± 0.0000
INFO:gcn:|2024-07-20 23:44:17| RMSE: 0.0002 ± 0.0000
INFO:gcn:|2024-07-20 23:44:17| NMAE: 0.0270 ± 0.0003
INFO:gcn:|2024-07-20 23:44:17| NRMSE: 0.0402 ± 0.0006
INFO:gcn:|2024-07-20 23:44:17| Acc_1: 0.3001 ± 0.0198
INFO:gcn:|2024-07-20 23:44:17| Acc_5: 0.8508 ± 0.0065
INFO:gcn:|2024-07-20 23:44:17| Acc_10: 0.9628 ± 0.0026
INFO:gcn:|2024-07-20 23:44:17| ********************Experiment Success********************
