INFO:birnn:|2024-07-20 21:23:40| {'classification': False, 'visualize': True, 'bs': 32, 'lr': 0.001, 'decay': 0.0001, 'loss_func': 'L1Loss', 'optim': 'AdamW', 'path': './datasets/', 'dataset': 'cpu', 'train_size': 50, 'density': 0.8, 'device_name': 'core-i7-7820x', 'logger': 'None', 'model': 'birnn', 'rank': 40, 'num_windows': 12, 'num_preds': 1, 'seed': 0, 'rounds': 5, 'epochs': 500, 'patience': 50, 'verbose': 1, 'device': 'cuda', 'debug': False, 'experiment': False, 'program_test': False, 'record': True, 'log': <utils.logger.Logger object at 0xa7088390c70>}
INFO:birnn:|2024-07-20 21:23:40| ********************Experiment Start********************
INFO:birnn:|2024-07-20 21:23:46| Round=1 BestEpoch= 28 MAE=0.0007 RMSE=0.0009 NMAE=0.1466 NRMSE=0.1780 Training_time=1.0 s 
INFO:birnn:|2024-07-20 21:23:46| Acc = [1%=0.0447, 5%=0.2261, 10%=0.4294] 
INFO:birnn:|2024-07-20 21:23:53| Round=2 BestEpoch= 49 MAE=0.0007 RMSE=0.0009 NMAE=0.1515 NRMSE=0.1818 Training_time=1.6 s 
INFO:birnn:|2024-07-20 21:23:53| Acc = [1%=0.0439, 5%=0.2172, 10%=0.4104] 
INFO:birnn:|2024-07-20 21:24:02| Round=3 BestEpoch= 81 MAE=0.0008 RMSE=0.0010 NMAE=0.1535 NRMSE=0.1915 Training_time=2.7 s 
INFO:birnn:|2024-07-20 21:24:02| Acc = [1%=0.0527, 5%=0.2428, 10%=0.4558] 
INFO:birnn:|2024-07-20 21:24:10| Round=4 BestEpoch= 63 MAE=0.0007 RMSE=0.0009 NMAE=0.1363 NRMSE=0.1661 Training_time=2.1 s 
INFO:birnn:|2024-07-20 21:24:10| Acc = [1%=0.0533, 5%=0.2516, 10%=0.4595] 
INFO:birnn:|2024-07-20 21:24:17| Round=5 BestEpoch= 48 MAE=0.0008 RMSE=0.0010 NMAE=0.1586 NRMSE=0.1939 Training_time=1.6 s 
INFO:birnn:|2024-07-20 21:24:17| Acc = [1%=0.0420, 5%=0.2247, 10%=0.4204] 
INFO:birnn:|2024-07-20 21:24:17| ********************Experiment Results:********************
INFO:birnn:|2024-07-20 21:24:17| MAE: 0.0007 ± 0.0000
INFO:birnn:|2024-07-20 21:24:17| RMSE: 0.0009 ± 0.0001
INFO:birnn:|2024-07-20 21:24:17| NMAE: 0.1493 ± 0.0076
INFO:birnn:|2024-07-20 21:24:17| NRMSE: 0.1823 ± 0.0100
INFO:birnn:|2024-07-20 21:24:17| Acc_1: 0.0473 ± 0.0047
INFO:birnn:|2024-07-20 21:24:17| Acc_5: 0.2325 ± 0.0127
INFO:birnn:|2024-07-20 21:24:17| Acc_10: 0.4351 ± 0.0194
INFO:birnn:|2024-07-20 21:24:17| ********************Experiment Success********************
