INFO:birnn:|2024-07-20 21:37:10| {'classification': False, 'visualize': True, 'bs': 32, 'lr': 0.001, 'decay': 0.0001, 'loss_func': 'L1Loss', 'optim': 'AdamW', 'path': './datasets/', 'dataset': 'cpu', 'train_size': 100, 'density': 0.8, 'device_name': 'core-i7-7820x', 'logger': 'None', 'model': 'birnn', 'rank': 40, 'num_windows': 12, 'num_preds': 1, 'seed': 0, 'rounds': 5, 'epochs': 500, 'patience': 50, 'verbose': 1, 'device': 'cuda', 'debug': False, 'experiment': False, 'program_test': False, 'record': True, 'log': <utils.logger.Logger object at 0xa3d809d0c70>}
INFO:birnn:|2024-07-20 21:37:10| ********************Experiment Start********************
INFO:birnn:|2024-07-20 21:37:17| Round=1 BestEpoch= 34 MAE=0.0007 RMSE=0.0009 NMAE=0.1422 NRMSE=0.1778 Training_time=1.4 s 
INFO:birnn:|2024-07-20 21:37:17| Acc = [1%=0.0485, 5%=0.2477, 10%=0.4690] 
INFO:birnn:|2024-07-20 21:37:31| Round=2 BestEpoch=119 MAE=0.0007 RMSE=0.0009 NMAE=0.1381 NRMSE=0.1699 Training_time=4.7 s 
INFO:birnn:|2024-07-20 21:37:31| Acc = [1%=0.0459, 5%=0.2545, 10%=0.4690] 
INFO:birnn:|2024-07-20 21:37:39| Round=3 BestEpoch= 51 MAE=0.0006 RMSE=0.0009 NMAE=0.1328 NRMSE=0.1639 Training_time=2.0 s 
INFO:birnn:|2024-07-20 21:37:39| Acc = [1%=0.0519, 5%=0.2556, 10%=0.4856] 
INFO:birnn:|2024-07-20 21:37:49| Round=4 BestEpoch= 69 MAE=0.0007 RMSE=0.0009 NMAE=0.1329 NRMSE=0.1642 Training_time=2.7 s 
INFO:birnn:|2024-07-20 21:37:49| Acc = [1%=0.0534, 5%=0.2562, 10%=0.4867] 
INFO:birnn:|2024-07-20 21:37:56| Round=5 BestEpoch= 37 MAE=0.0007 RMSE=0.0009 NMAE=0.1417 NRMSE=0.1737 Training_time=1.5 s 
INFO:birnn:|2024-07-20 21:37:56| Acc = [1%=0.0499, 5%=0.2504, 10%=0.4537] 
INFO:birnn:|2024-07-20 21:37:56| ********************Experiment Results:********************
INFO:birnn:|2024-07-20 21:37:56| MAE: 0.0007 ± 0.0000
INFO:birnn:|2024-07-20 21:37:56| RMSE: 0.0009 ± 0.0000
INFO:birnn:|2024-07-20 21:37:56| NMAE: 0.1375 ± 0.0041
INFO:birnn:|2024-07-20 21:37:56| NRMSE: 0.1699 ± 0.0054
INFO:birnn:|2024-07-20 21:37:56| Acc_1: 0.0499 ± 0.0026
INFO:birnn:|2024-07-20 21:37:56| Acc_5: 0.2529 ± 0.0033
INFO:birnn:|2024-07-20 21:37:56| Acc_10: 0.4728 ± 0.0122
INFO:birnn:|2024-07-20 21:37:56| ********************Experiment Success********************
