INFO:birnn:|2024-07-20 22:38:04| {'classification': False, 'visualize': True, 'bs': 32, 'lr': 0.001, 'decay': 0.0001, 'loss_func': 'L1Loss', 'optim': 'AdamW', 'path': './datasets/', 'dataset': 'cpu', 'train_size': 500, 'density': 0.8, 'device_name': 'core-i7-7820x', 'logger': 'None', 'model': 'birnn', 'rank': 40, 'num_windows': 12, 'num_preds': 1, 'seed': 0, 'rounds': 5, 'epochs': 500, 'patience': 50, 'verbose': 1, 'device': 'cuda', 'debug': False, 'experiment': False, 'program_test': False, 'record': True, 'log': <utils.logger.Logger object at 0xb3e86190c70>}
INFO:birnn:|2024-07-20 22:38:04| ********************Experiment Start********************
INFO:birnn:|2024-07-20 22:38:47| Round=1 BestEpoch=404 MAE=0.0003 RMSE=0.0004 NMAE=0.0632 NRMSE=0.0823 Training_time=21.4 s 
INFO:birnn:|2024-07-20 22:38:47| Acc = [1%=0.1272, 5%=0.5242, 10%=0.7681] 
INFO:birnn:|2024-07-20 22:39:14| Round=2 BestEpoch=240 MAE=0.0003 RMSE=0.0004 NMAE=0.0588 NRMSE=0.0768 Training_time=12.7 s 
INFO:birnn:|2024-07-20 22:39:14| Acc = [1%=0.1338, 5%=0.5513, 10%=0.7892] 
INFO:birnn:|2024-07-20 22:40:01| Round=3 BestEpoch=499 MAE=0.0003 RMSE=0.0004 NMAE=0.0647 NRMSE=0.0818 Training_time=26.2 s 
INFO:birnn:|2024-07-20 22:40:01| Acc = [1%=0.1159, 5%=0.5069, 10%=0.7490] 
INFO:birnn:|2024-07-20 22:40:34| Round=4 BestEpoch=304 MAE=0.0003 RMSE=0.0004 NMAE=0.0619 NRMSE=0.0805 Training_time=15.8 s 
INFO:birnn:|2024-07-20 22:40:34| Acc = [1%=0.1267, 5%=0.5324, 10%=0.7764] 
INFO:birnn:|2024-07-20 22:41:01| Round=5 BestEpoch=239 MAE=0.0003 RMSE=0.0005 NMAE=0.0671 NRMSE=0.0877 Training_time=12.4 s 
INFO:birnn:|2024-07-20 22:41:01| Acc = [1%=0.1177, 5%=0.5149, 10%=0.7589] 
INFO:birnn:|2024-07-20 22:41:01| ********************Experiment Results:********************
INFO:birnn:|2024-07-20 22:41:01| MAE: 0.0003 ± 0.0000
INFO:birnn:|2024-07-20 22:41:01| RMSE: 0.0004 ± 0.0000
INFO:birnn:|2024-07-20 22:41:01| NMAE: 0.0631 ± 0.0028
INFO:birnn:|2024-07-20 22:41:01| NRMSE: 0.0818 ± 0.0035
INFO:birnn:|2024-07-20 22:41:01| Acc_1: 0.1243 ± 0.0066
INFO:birnn:|2024-07-20 22:41:01| Acc_5: 0.5260 ± 0.0153
INFO:birnn:|2024-07-20 22:41:01| Acc_10: 0.7683 ± 0.0139
INFO:birnn:|2024-07-20 22:41:01| ********************Experiment Success********************
