INFO:lstm:|2024-08-18 00:27:45| {'classification': False, 'visualize': True, 'inductive': False, 'bs': 32, 'lr': 0.001, 'decay': 0.0001, 'loss_func': 'L1Loss', 'optim': 'AdamW', 'path': './datasets/', 'dataset': 'cpu', 'train_size': 500, 'density': 0.8, 'logger': 'None', 'model': 'lstm', 'rank': 40, 'num_windows': 12, 'num_preds': 1, 'seed': 0, 'rounds': 10, 'epochs': 1000, 'patience': 100, 'verbose': 0, 'device': 'cuda', 'debug': False, 'experiment': False, 'program_test': False, 'record': True, 'train_device': 'desktop-cpu-core-i7-7820x-fp32', 'device_name': 'core-i7-7820x', 'log': <utils.logger.Logger object at 0x134ba310fca0>}
INFO:lstm:|2024-08-18 00:27:45| ********************Experiment Start********************
INFO:lstm:|2024-08-18 00:28:25| Round=1 BestEpoch=395 MAE=0.0003 RMSE=0.0004 NMAE=0.0671 NRMSE=0.0847 Training_time=16.8 s 
INFO:lstm:|2024-08-18 00:28:25| Acc = [1%=0.1086, 5%=0.4867, 10%=0.7431] 
INFO:lstm:|2024-08-18 00:29:22| Round=2 BestEpoch=623 MAE=0.0003 RMSE=0.0004 NMAE=0.0631 NRMSE=0.0818 Training_time=26.4 s 
INFO:lstm:|2024-08-18 00:29:22| Acc = [1%=0.1240, 5%=0.5269, 10%=0.7717] 
INFO:lstm:|2024-08-18 00:30:02| Round=3 BestEpoch=398 MAE=0.0003 RMSE=0.0004 NMAE=0.0594 NRMSE=0.0738 Training_time=16.9 s 
INFO:lstm:|2024-08-18 00:30:02| Acc = [1%=0.1227, 5%=0.5232, 10%=0.7845] 
INFO:lstm:|2024-08-18 00:30:57| Round=4 BestEpoch=594 MAE=0.0003 RMSE=0.0004 NMAE=0.0651 NRMSE=0.0838 Training_time=25.3 s 
INFO:lstm:|2024-08-18 00:30:57| Acc = [1%=0.1210, 5%=0.5208, 10%=0.7631] 
INFO:lstm:|2024-08-18 00:31:32| Round=5 BestEpoch=332 MAE=0.0003 RMSE=0.0004 NMAE=0.0597 NRMSE=0.0740 Training_time=14.2 s 
INFO:lstm:|2024-08-18 00:31:32| Acc = [1%=0.1190, 5%=0.5228, 10%=0.7809] 
INFO:lstm:|2024-08-18 00:32:11| Round=6 BestEpoch=400 MAE=0.0003 RMSE=0.0004 NMAE=0.0567 NRMSE=0.0698 Training_time=16.9 s 
INFO:lstm:|2024-08-18 00:32:11| Acc = [1%=0.1278, 5%=0.5435, 10%=0.7904] 
INFO:lstm:|2024-08-18 00:33:02| Round=7 BestEpoch=535 MAE=0.0003 RMSE=0.0004 NMAE=0.0607 NRMSE=0.0789 Training_time=23.0 s 
INFO:lstm:|2024-08-18 00:33:02| Acc = [1%=0.1266, 5%=0.5380, 10%=0.7810] 
INFO:lstm:|2024-08-18 00:33:52| Round=8 BestEpoch=528 MAE=0.0003 RMSE=0.0004 NMAE=0.0569 NRMSE=0.0723 Training_time=22.5 s 
INFO:lstm:|2024-08-18 00:33:52| Acc = [1%=0.1260, 5%=0.5528, 10%=0.8038] 
INFO:lstm:|2024-08-18 00:34:37| Round=9 BestEpoch=467 MAE=0.0003 RMSE=0.0005 NMAE=0.0701 NRMSE=0.0885 Training_time=19.9 s 
INFO:lstm:|2024-08-18 00:34:37| Acc = [1%=0.1084, 5%=0.4786, 10%=0.7306] 
INFO:lstm:|2024-08-18 00:35:23| Round=10 BestEpoch=471 MAE=0.0003 RMSE=0.0004 NMAE=0.0661 NRMSE=0.0844 Training_time=20.1 s 
INFO:lstm:|2024-08-18 00:35:23| Acc = [1%=0.1191, 5%=0.5084, 10%=0.7559] 
INFO:lstm:|2024-08-18 00:35:23| ********************Experiment Results:********************
INFO:lstm:|2024-08-18 00:35:23| MAE: 0.0003 ± 0.0000
INFO:lstm:|2024-08-18 00:35:23| RMSE: 0.0004 ± 0.0000
INFO:lstm:|2024-08-18 00:35:23| NMAE: 0.0625 ± 0.0043
INFO:lstm:|2024-08-18 00:35:23| NRMSE: 0.0792 ± 0.0060
INFO:lstm:|2024-08-18 00:35:23| Acc_1: 0.1203 ± 0.0066
INFO:lstm:|2024-08-18 00:35:23| Acc_5: 0.5202 ± 0.0223
INFO:lstm:|2024-08-18 00:35:23| Acc_10: 0.7705 ± 0.0213
INFO:lstm:|2024-08-18 00:35:23| ********************Experiment Success********************
