INFO:lstm:|2024-08-18 00:44:36| {'classification': False, 'visualize': True, 'inductive': False, 'bs': 32, 'lr': 0.001, 'decay': 0.0001, 'loss_func': 'L1Loss', 'optim': 'AdamW', 'path': './datasets/', 'dataset': 'cpu', 'train_size': 900, 'density': 0.8, 'logger': 'None', 'model': 'lstm', 'rank': 40, 'num_windows': 12, 'num_preds': 1, 'seed': 0, 'rounds': 10, 'epochs': 1000, 'patience': 100, 'verbose': 0, 'device': 'cuda', 'debug': False, 'experiment': False, 'program_test': False, 'record': True, 'train_device': 'desktop-cpu-core-i7-7820x-fp32', 'device_name': 'core-i7-7820x', 'log': <utils.logger.Logger object at 0x1119a86a8ca0>}
INFO:lstm:|2024-08-18 00:44:36| ********************Experiment Start********************
INFO:lstm:|2024-08-18 00:45:33| Round=1 BestEpoch=524 MAE=0.0002 RMSE=0.0003 NMAE=0.0480 NRMSE=0.0598 Training_time=28.4 s 
INFO:lstm:|2024-08-18 00:45:33| Acc = [1%=0.1540, 5%=0.6056, 10%=0.8413] 
INFO:lstm:|2024-08-18 00:46:17| Round=2 BestEpoch=379 MAE=0.0003 RMSE=0.0003 NMAE=0.0529 NRMSE=0.0662 Training_time=20.5 s 
INFO:lstm:|2024-08-18 00:46:17| Acc = [1%=0.1343, 5%=0.5729, 10%=0.8206] 
INFO:lstm:|2024-08-18 00:47:00| Round=3 BestEpoch=369 MAE=0.0002 RMSE=0.0003 NMAE=0.0438 NRMSE=0.0551 Training_time=20.0 s 
INFO:lstm:|2024-08-18 00:47:00| Acc = [1%=0.1626, 5%=0.6420, 10%=0.8665] 
INFO:lstm:|2024-08-18 00:48:09| Round=4 BestEpoch=646 MAE=0.0002 RMSE=0.0003 NMAE=0.0480 NRMSE=0.0602 Training_time=35.1 s 
INFO:lstm:|2024-08-18 00:48:09| Acc = [1%=0.1500, 5%=0.6097, 10%=0.8423] 
INFO:lstm:|2024-08-18 00:48:48| Round=5 BestEpoch=327 MAE=0.0002 RMSE=0.0003 NMAE=0.0414 NRMSE=0.0513 Training_time=17.7 s 
INFO:lstm:|2024-08-18 00:48:48| Acc = [1%=0.1705, 5%=0.6599, 10%=0.8785] 
INFO:lstm:|2024-08-18 00:49:39| Round=6 BestEpoch=449 MAE=0.0002 RMSE=0.0003 NMAE=0.0464 NRMSE=0.0582 Training_time=24.2 s 
INFO:lstm:|2024-08-18 00:49:39| Acc = [1%=0.1636, 5%=0.6235, 10%=0.8441] 
INFO:lstm:|2024-08-18 00:50:30| Round=7 BestEpoch=460 MAE=0.0002 RMSE=0.0003 NMAE=0.0496 NRMSE=0.0641 Training_time=24.8 s 
INFO:lstm:|2024-08-18 00:50:30| Acc = [1%=0.1479, 5%=0.6069, 10%=0.8313] 
INFO:lstm:|2024-08-18 00:51:22| Round=8 BestEpoch=464 MAE=0.0002 RMSE=0.0003 NMAE=0.0420 NRMSE=0.0522 Training_time=25.2 s 
INFO:lstm:|2024-08-18 00:51:22| Acc = [1%=0.1666, 5%=0.6539, 10%=0.8828] 
INFO:lstm:|2024-08-18 00:52:07| Round=9 BestEpoch=382 MAE=0.0002 RMSE=0.0003 NMAE=0.0497 NRMSE=0.0618 Training_time=20.8 s 
INFO:lstm:|2024-08-18 00:52:07| Acc = [1%=0.1461, 5%=0.5940, 10%=0.8242] 
INFO:lstm:|2024-08-18 00:53:23| Round=10 BestEpoch=728 MAE=0.0003 RMSE=0.0003 NMAE=0.0532 NRMSE=0.0669 Training_time=39.6 s 
INFO:lstm:|2024-08-18 00:53:23| Acc = [1%=0.1381, 5%=0.5769, 10%=0.8148] 
INFO:lstm:|2024-08-18 00:53:23| ********************Experiment Results:********************
INFO:lstm:|2024-08-18 00:53:23| MAE: 0.0002 ± 0.0000
INFO:lstm:|2024-08-18 00:53:23| RMSE: 0.0003 ± 0.0000
INFO:lstm:|2024-08-18 00:53:23| NMAE: 0.0475 ± 0.0039
INFO:lstm:|2024-08-18 00:53:23| NRMSE: 0.0596 ± 0.0052
INFO:lstm:|2024-08-18 00:53:23| Acc_1: 0.1534 ± 0.0116
INFO:lstm:|2024-08-18 00:53:23| Acc_5: 0.6145 ± 0.0286
INFO:lstm:|2024-08-18 00:53:23| Acc_10: 0.8446 ± 0.0227
INFO:lstm:|2024-08-18 00:53:23| ********************Experiment Success********************
