INFO:gru:|2024-07-23 11:42:00| {'classification': False, 'visualize': True, 'inductive': False, 'bs': 32, 'lr': 0.001, 'decay': 0.0001, 'loss_func': 'L1Loss', 'optim': 'AdamW', 'path': './datasets/', 'dataset': 'cpu', 'train_size': 50, 'density': 0.8, 'logger': 'None', 'model': 'gru', 'rank': 40, 'num_windows': 12, 'num_preds': 1, 'seed': 0, 'rounds': 5, 'epochs': 500, 'patience': 50, 'verbose': 0, 'device': 'cuda', 'debug': False, 'experiment': False, 'program_test': False, 'record': True, 'train_device': 'desktop-cpu-core-i7-7820x-fp32', 'device_name': 'core-i7-7820x', 'log': <utils.logger.Logger object at 0x72dc49021f0>}
INFO:gru:|2024-07-23 11:42:00| ********************Experiment Start********************
INFO:gru:|2024-07-23 11:42:12| Round=1 BestEpoch=183 MAE=0.0008 RMSE=0.0010 NMAE=0.1606 NRMSE=0.1978 Training_time=4.5 s 
INFO:gru:|2024-07-23 11:42:12| Acc = [1%=0.0435, 5%=0.2180, 10%=0.4130] 
INFO:gru:|2024-07-23 11:42:18| Round=2 BestEpoch= 67 MAE=0.0008 RMSE=0.0010 NMAE=0.1632 NRMSE=0.1952 Training_time=1.6 s 
INFO:gru:|2024-07-23 11:42:18| Acc = [1%=0.0408, 5%=0.2012, 10%=0.3890] 
INFO:gru:|2024-07-23 11:42:26| Round=3 BestEpoch= 87 MAE=0.0009 RMSE=0.0011 NMAE=0.1750 NRMSE=0.2099 Training_time=2.1 s 
INFO:gru:|2024-07-23 11:42:26| Acc = [1%=0.0379, 5%=0.1914, 10%=0.3682] 
INFO:gru:|2024-07-23 11:42:32| Round=4 BestEpoch= 74 MAE=0.0008 RMSE=0.0011 NMAE=0.1717 NRMSE=0.2055 Training_time=1.8 s 
INFO:gru:|2024-07-23 11:42:32| Acc = [1%=0.0354, 5%=0.1890, 10%=0.3661] 
INFO:gru:|2024-07-23 11:42:39| Round=5 BestEpoch= 87 MAE=0.0008 RMSE=0.0010 NMAE=0.1628 NRMSE=0.2007 Training_time=2.1 s 
INFO:gru:|2024-07-23 11:42:39| Acc = [1%=0.0432, 5%=0.2152, 10%=0.4127] 
INFO:gru:|2024-07-23 11:42:39| ********************Experiment Results:********************
INFO:gru:|2024-07-23 11:42:39| MAE: 0.0008 ± 0.0000
INFO:gru:|2024-07-23 11:42:39| RMSE: 0.0010 ± 0.0000
INFO:gru:|2024-07-23 11:42:39| NMAE: 0.1667 ± 0.0056
INFO:gru:|2024-07-23 11:42:39| NRMSE: 0.2018 ± 0.0053
INFO:gru:|2024-07-23 11:42:39| Acc_1: 0.0401 ± 0.0031
INFO:gru:|2024-07-23 11:42:39| Acc_5: 0.2030 ± 0.0119
INFO:gru:|2024-07-23 11:42:39| Acc_10: 0.3898 ± 0.0205
INFO:gru:|2024-07-23 11:42:39| ********************Experiment Success********************
