INFO:gru:|2024-07-23 12:56:22| {'classification': False, 'visualize': True, 'inductive': False, 'bs': 32, 'lr': 0.001, 'decay': 0.0001, 'loss_func': 'L1Loss', 'optim': 'AdamW', 'path': './datasets/', 'dataset': 'cpu', 'train_size': 500, 'density': 0.8, 'logger': 'None', 'model': 'gru', 'rank': 40, 'num_windows': 12, 'num_preds': 1, 'seed': 0, 'rounds': 5, 'epochs': 500, 'patience': 50, 'verbose': 0, 'device': 'cuda', 'debug': False, 'experiment': False, 'program_test': False, 'record': True, 'train_device': 'desktop-cpu-core-i7-7820x-fp32', 'device_name': 'core-i7-7820x', 'log': <utils.logger.Logger object at 0x603c73a91f0>}
INFO:gru:|2024-07-23 12:56:22| ********************Experiment Start********************
INFO:gru:|2024-07-23 12:56:59| Round=1 BestEpoch=392 MAE=0.0004 RMSE=0.0006 NMAE=0.0845 NRMSE=0.1086 Training_time=18.3 s 
INFO:gru:|2024-07-23 12:56:59| Acc = [1%=0.0966, 5%=0.4219, 10%=0.6686] 
INFO:gru:|2024-07-23 12:57:28| Round=2 BestEpoch=292 MAE=0.0004 RMSE=0.0006 NMAE=0.0877 NRMSE=0.1111 Training_time=13.7 s 
INFO:gru:|2024-07-23 12:57:28| Acc = [1%=0.0944, 5%=0.4118, 10%=0.6437] 
INFO:gru:|2024-07-23 12:57:55| Round=3 BestEpoch=272 MAE=0.0004 RMSE=0.0005 NMAE=0.0757 NRMSE=0.0972 Training_time=12.7 s 
INFO:gru:|2024-07-23 12:57:55| Acc = [1%=0.0994, 5%=0.4506, 10%=0.7136] 
INFO:gru:|2024-07-23 12:58:31| Round=4 BestEpoch=378 MAE=0.0004 RMSE=0.0005 NMAE=0.0803 NRMSE=0.1033 Training_time=17.6 s 
INFO:gru:|2024-07-23 12:58:31| Acc = [1%=0.0978, 5%=0.4446, 10%=0.6909] 
INFO:gru:|2024-07-23 12:58:58| Round=5 BestEpoch=269 MAE=0.0004 RMSE=0.0006 NMAE=0.0856 NRMSE=0.1090 Training_time=12.6 s 
INFO:gru:|2024-07-23 12:58:58| Acc = [1%=0.0921, 5%=0.4125, 10%=0.6632] 
INFO:gru:|2024-07-23 12:58:58| ********************Experiment Results:********************
INFO:gru:|2024-07-23 12:58:58| MAE: 0.0004 ± 0.0000
INFO:gru:|2024-07-23 12:58:58| RMSE: 0.0005 ± 0.0000
INFO:gru:|2024-07-23 12:58:58| NMAE: 0.0828 ± 0.0043
INFO:gru:|2024-07-23 12:58:58| NRMSE: 0.1058 ± 0.0050
INFO:gru:|2024-07-23 12:58:58| Acc_1: 0.0961 ± 0.0026
INFO:gru:|2024-07-23 12:58:58| Acc_5: 0.4283 ± 0.0163
INFO:gru:|2024-07-23 12:58:58| Acc_10: 0.6760 ± 0.0241
INFO:gru:|2024-07-23 12:58:58| ********************Experiment Success********************
