INFO:gru:|2024-07-23 13:38:09| {'classification': False, 'visualize': True, 'inductive': False, 'bs': 32, 'lr': 0.001, 'decay': 0.0001, 'loss_func': 'L1Loss', 'optim': 'AdamW', 'path': './datasets/', 'dataset': 'cpu', 'train_size': 900, 'density': 0.8, 'logger': 'None', 'model': 'gru', 'rank': 40, 'num_windows': 12, 'num_preds': 1, 'seed': 0, 'rounds': 5, 'epochs': 500, 'patience': 50, 'verbose': 0, 'device': 'cuda', 'debug': False, 'experiment': False, 'program_test': False, 'record': True, 'train_device': 'desktop-cpu-core-i7-7820x-fp32', 'device_name': 'core-i7-7820x', 'log': <utils.logger.Logger object at 0xa5b45b021f0>}
INFO:gru:|2024-07-23 13:38:09| ********************Experiment Start********************
INFO:gru:|2024-07-23 13:38:53| Round=1 BestEpoch=399 MAE=0.0003 RMSE=0.0004 NMAE=0.0678 NRMSE=0.0855 Training_time=24.0 s 
INFO:gru:|2024-07-23 13:38:53| Acc = [1%=0.1126, 5%=0.4826, 10%=0.7348] 
INFO:gru:|2024-07-23 13:39:22| Round=2 BestEpoch=244 MAE=0.0003 RMSE=0.0004 NMAE=0.0678 NRMSE=0.0861 Training_time=14.6 s 
INFO:gru:|2024-07-23 13:39:22| Acc = [1%=0.1099, 5%=0.4918, 10%=0.7463] 
INFO:gru:|2024-07-23 13:39:53| Round=3 BestEpoch=255 MAE=0.0003 RMSE=0.0004 NMAE=0.0590 NRMSE=0.0748 Training_time=15.3 s 
INFO:gru:|2024-07-23 13:39:53| Acc = [1%=0.1284, 5%=0.5334, 10%=0.7819] 
INFO:gru:|2024-07-23 13:40:25| Round=4 BestEpoch=273 MAE=0.0003 RMSE=0.0004 NMAE=0.0669 NRMSE=0.0861 Training_time=16.5 s 
INFO:gru:|2024-07-23 13:40:25| Acc = [1%=0.1130, 5%=0.4974, 10%=0.7516] 
INFO:gru:|2024-07-23 13:40:52| Round=5 BestEpoch=229 MAE=0.0003 RMSE=0.0004 NMAE=0.0674 NRMSE=0.0866 Training_time=13.8 s 
INFO:gru:|2024-07-23 13:40:52| Acc = [1%=0.1119, 5%=0.4948, 10%=0.7485] 
INFO:gru:|2024-07-23 13:40:52| ********************Experiment Results:********************
INFO:gru:|2024-07-23 13:40:52| MAE: 0.0003 ± 0.0000
INFO:gru:|2024-07-23 13:40:52| RMSE: 0.0004 ± 0.0000
INFO:gru:|2024-07-23 13:40:52| NMAE: 0.0658 ± 0.0034
INFO:gru:|2024-07-23 13:40:52| NRMSE: 0.0838 ± 0.0045
INFO:gru:|2024-07-23 13:40:52| Acc_1: 0.1152 ± 0.0067
INFO:gru:|2024-07-23 13:40:52| Acc_5: 0.5000 ± 0.0174
INFO:gru:|2024-07-23 13:40:52| Acc_10: 0.7526 ± 0.0157
INFO:gru:|2024-07-23 13:40:52| ********************Experiment Success********************
