INFO:gru:|2024-07-20 23:29:43| {'classification': False, 'visualize': True, 'bs': 32, 'lr': 0.001, 'decay': 0.0001, 'loss_func': 'L1Loss', 'optim': 'AdamW', 'path': './datasets/', 'dataset': 'cpu', 'train_size': 900, 'density': 0.8, 'device_name': 'core-i7-7820x', 'logger': 'None', 'model': 'gru', 'rank': 40, 'num_windows': 12, 'num_preds': 1, 'seed': 0, 'rounds': 5, 'epochs': 500, 'patience': 50, 'verbose': 1, 'device': 'cuda', 'debug': False, 'experiment': False, 'program_test': False, 'record': True, 'log': <utils.logger.Logger object at 0x7ed40ea9c70>}
INFO:gru:|2024-07-20 23:29:43| ********************Experiment Start********************
INFO:gru:|2024-07-20 23:30:29| Round=1 BestEpoch=399 MAE=0.0003 RMSE=0.0004 NMAE=0.0678 NRMSE=0.0855 Training_time=23.6 s 
INFO:gru:|2024-07-20 23:30:29| Acc = [1%=0.1126, 5%=0.4826, 10%=0.7348] 
INFO:gru:|2024-07-20 23:30:59| Round=2 BestEpoch=244 MAE=0.0003 RMSE=0.0004 NMAE=0.0678 NRMSE=0.0861 Training_time=14.4 s 
INFO:gru:|2024-07-20 23:30:59| Acc = [1%=0.1099, 5%=0.4918, 10%=0.7463] 
INFO:gru:|2024-07-20 23:31:29| Round=3 BestEpoch=255 MAE=0.0003 RMSE=0.0004 NMAE=0.0590 NRMSE=0.0748 Training_time=15.0 s 
INFO:gru:|2024-07-20 23:31:29| Acc = [1%=0.1284, 5%=0.5334, 10%=0.7819] 
INFO:gru:|2024-07-20 23:32:02| Round=4 BestEpoch=273 MAE=0.0003 RMSE=0.0004 NMAE=0.0669 NRMSE=0.0861 Training_time=16.1 s 
INFO:gru:|2024-07-20 23:32:02| Acc = [1%=0.1130, 5%=0.4974, 10%=0.7516] 
INFO:gru:|2024-07-20 23:32:30| Round=5 BestEpoch=229 MAE=0.0003 RMSE=0.0004 NMAE=0.0674 NRMSE=0.0866 Training_time=13.5 s 
INFO:gru:|2024-07-20 23:32:30| Acc = [1%=0.1119, 5%=0.4948, 10%=0.7485] 
INFO:gru:|2024-07-20 23:32:30| ********************Experiment Results:********************
INFO:gru:|2024-07-20 23:32:30| MAE: 0.0003 ± 0.0000
INFO:gru:|2024-07-20 23:32:30| RMSE: 0.0004 ± 0.0000
INFO:gru:|2024-07-20 23:32:30| NMAE: 0.0658 ± 0.0034
INFO:gru:|2024-07-20 23:32:30| NRMSE: 0.0838 ± 0.0045
INFO:gru:|2024-07-20 23:32:30| Acc_1: 0.1152 ± 0.0067
INFO:gru:|2024-07-20 23:32:30| Acc_5: 0.5000 ± 0.0174
INFO:gru:|2024-07-20 23:32:30| Acc_10: 0.7526 ± 0.0157
INFO:gru:|2024-07-20 23:32:30| ********************Experiment Success********************
