INFO:mlp:|2024-10-13 16:42:04| {
     'bs': 8, 'classification': False, 'dataset': cpu, 'debug': False,
     'decay': 0.0001, 'density': 0.8, 'device': cpu, 'device_name': core-i7-7820x,
     'epochs': 1000, 'experiment': False, 'inductive': False, 'logger': None,
     'loss_func': L1Loss, 'lr': 0.001, 'model': mlp, 'optim': AdamW,
     'path': ./datasets/, 'patience': 100, 'program_test': False, 'rank': 300,
     'record': True, 'retrain': False, 'rounds': 5, 'seed': 0,
     'train_device': desktop-cpu-core-i7-7820x-fp32, 'train_size': 100, 'verbose': 0, 'visualize': True,
}
INFO:mlp:|2024-10-13 16:42:04| ********************Experiment Start********************
INFO:mlp:|2024-10-13 16:42:12| Round=1 BestEpoch= 45 MAE=0.0007 RMSE=0.0009 NMAE=0.1340 NRMSE=0.1652 Training_time=0.9 s 
INFO:mlp:|2024-10-13 16:42:18| Round=2 BestEpoch= 40 MAE=0.0007 RMSE=0.0009 NMAE=0.1371 NRMSE=0.1690 Training_time=0.8 s 
INFO:mlp:|2024-10-13 16:42:26| Round=3 BestEpoch= 57 MAE=0.0007 RMSE=0.0009 NMAE=0.1469 NRMSE=0.1818 Training_time=1.2 s 
INFO:mlp:|2024-10-13 16:42:36| Round=4 BestEpoch=106 MAE=0.0007 RMSE=0.0009 NMAE=0.1349 NRMSE=0.1659 Training_time=2.1 s 
INFO:mlp:|2024-10-13 16:42:44| Round=5 BestEpoch= 58 MAE=0.0007 RMSE=0.0009 NMAE=0.1339 NRMSE=0.1737 Training_time=1.2 s 
INFO:mlp:|2024-10-13 16:42:44| ********************Experiment Results:********************
INFO:mlp:|2024-10-13 16:42:44| MAE: 0.0007 ± 0.0000
INFO:mlp:|2024-10-13 16:42:44| RMSE: 0.0009 ± 0.0000
INFO:mlp:|2024-10-13 16:42:44| NMAE: 0.1373 ± 0.0049
INFO:mlp:|2024-10-13 16:42:44| NRMSE: 0.1711 ± 0.0061
INFO:mlp:|2024-10-13 16:42:44| Acc_1: 0.0526 ± 0.0040
INFO:mlp:|2024-10-13 16:42:44| Acc_5: 0.2583 ± 0.0172
INFO:mlp:|2024-10-13 16:42:44| Acc_10: 0.4861 ± 0.0247
INFO:mlp:|2024-10-13 16:42:44| train_time: 1.2571 ± 0.4689
INFO:mlp:|2024-10-13 16:42:45| ********************Experiment Success********************
