INFO:mlp:|2024-10-13 17:11:50| {
     'bs': 8, 'classification': False, 'dataset': cpu, 'debug': False,
     'decay': 0.0001, 'density': 0.8, 'device': cpu, 'device_name': core-i7-7820x,
     'epochs': 1000, 'experiment': False, 'inductive': False, 'logger': None,
     'loss_func': L1Loss, 'lr': 0.001, 'model': mlp, 'optim': AdamW,
     'path': ./datasets/, 'patience': 100, 'program_test': False, 'rank': 300,
     'record': True, 'retrain': False, 'rounds': 5, 'seed': 0,
     'train_device': desktop-cpu-core-i7-7820x-fp32, 'train_size': 100, 'verbose': 0, 'visualize': True,
}
INFO:mlp:|2024-10-13 17:11:50| ********************Experiment Start********************
INFO:mlp:|2024-10-13 17:12:02| Round=1 BestEpoch=141 MAE=0.0007 RMSE=0.0009 NMAE=0.1347 NRMSE=0.1688 Training_time=2.8 s 
INFO:mlp:|2024-10-13 17:12:12| Round=2 BestEpoch=122 MAE=0.0006 RMSE=0.0008 NMAE=0.1322 NRMSE=0.1631 Training_time=2.4 s 
INFO:mlp:|2024-10-13 17:12:19| Round=3 BestEpoch= 36 MAE=0.0007 RMSE=0.0010 NMAE=0.1481 NRMSE=0.1842 Training_time=0.7 s 
INFO:mlp:|2024-10-13 17:12:24| Round=4 BestEpoch=  5 MAE=0.0007 RMSE=0.0009 NMAE=0.1329 NRMSE=0.1644 Training_time=0.1 s 
INFO:mlp:|2024-10-13 17:12:30| Round=5 BestEpoch= 17 MAE=0.0007 RMSE=0.0009 NMAE=0.1346 NRMSE=0.1754 Training_time=0.3 s 
INFO:mlp:|2024-10-13 17:12:30| ********************Experiment Results:********************
INFO:mlp:|2024-10-13 17:12:30| MAE: 0.0007 ± 0.0000
INFO:mlp:|2024-10-13 17:12:30| RMSE: 0.0009 ± 0.0000
INFO:mlp:|2024-10-13 17:12:30| NMAE: 0.1365 ± 0.0059
INFO:mlp:|2024-10-13 17:12:30| NRMSE: 0.1712 ± 0.0078
INFO:mlp:|2024-10-13 17:12:30| Acc_1: 0.0554 ± 0.0042
INFO:mlp:|2024-10-13 17:12:30| Acc_5: 0.2647 ± 0.0140
INFO:mlp:|2024-10-13 17:12:30| Acc_10: 0.4933 ± 0.0237
INFO:mlp:|2024-10-13 17:12:30| train_time: 1.2650 ± 1.0949
