INFO:mlp:|2024-10-13 17:12:52| {
     'bs': 8, 'classification': False, 'dataset': cpu, 'debug': False,
     'decay': 0.0001, 'density': 0.8, 'device': cpu, 'device_name': core-i7-7820x,
     'epochs': 1000, 'experiment': False, 'inductive': False, 'logger': None,
     'loss_func': L1Loss, 'lr': 0.001, 'model': mlp, 'optim': AdamW,
     'path': ./datasets/, 'patience': 100, 'program_test': False, 'rank': 300,
     'record': True, 'retrain': False, 'rounds': 5, 'seed': 0,
     'train_device': desktop-cpu-core-i7-7820x-fp32, 'train_size': 100, 'verbose': 0, 'visualize': True,
}
INFO:mlp:|2024-10-13 17:12:52| ********************Experiment Start********************
INFO:mlp:|2024-10-13 17:13:02| Round=1 BestEpoch= 95 MAE=0.0007 RMSE=0.0009 NMAE=0.1356 NRMSE=0.1702 Training_time=1.9 s 
INFO:mlp:|2024-10-13 17:13:12| Round=2 BestEpoch=105 MAE=0.0006 RMSE=0.0008 NMAE=0.1320 NRMSE=0.1630 Training_time=2.1 s 
INFO:mlp:|2024-10-13 17:13:18| Round=3 BestEpoch= 27 MAE=0.0007 RMSE=0.0010 NMAE=0.1475 NRMSE=0.1837 Training_time=0.5 s 
INFO:mlp:|2024-10-13 17:13:25| Round=4 BestEpoch= 28 MAE=0.0007 RMSE=0.0009 NMAE=0.1330 NRMSE=0.1652 Training_time=0.6 s 
INFO:mlp:|2024-10-13 17:13:31| Round=5 BestEpoch= 32 MAE=0.0007 RMSE=0.0009 NMAE=0.1352 NRMSE=0.1749 Training_time=0.6 s 
INFO:mlp:|2024-10-13 17:13:31| ********************Experiment Results:********************
INFO:mlp:|2024-10-13 17:13:31| MAE: 0.0007 ± 0.0000
INFO:mlp:|2024-10-13 17:13:31| RMSE: 0.0009 ± 0.0000
INFO:mlp:|2024-10-13 17:13:31| NMAE: 0.1367 ± 0.0056
INFO:mlp:|2024-10-13 17:13:31| NRMSE: 0.1714 ± 0.0074
INFO:mlp:|2024-10-13 17:13:31| Acc_1: 0.0550 ± 0.0028
INFO:mlp:|2024-10-13 17:13:31| Acc_5: 0.2644 ± 0.0103
INFO:mlp:|2024-10-13 17:13:31| Acc_10: 0.4931 ± 0.0199
INFO:mlp:|2024-10-13 17:13:31| train_time: 1.1351 ± 0.6764
