INFO:mlp:|2024-10-13 17:28:17| {
     'bs': 8, 'classification': False, 'dataset': cpu, 'debug': False,
     'decay': 0.0001, 'density': 0.8, 'device': cpu, 'device_name': core-i7-7820x,
     'epochs': 1000, 'experiment': False, 'inductive': False, 'logger': None,
     'loss_func': L1Loss, 'lr': 0.001, 'model': mlp, 'optim': AdamW,
     'path': ./datasets/, 'patience': 100, 'program_test': False, 'rank': 300,
     'record': True, 'retrain': False, 'rounds': 5, 'seed': 0,
     'train_device': desktop-cpu-core-i7-7820x-fp32, 'train_size': 100, 'verbose': 0, 'visualize': True,
}
INFO:mlp:|2024-10-13 17:28:17| ********************Experiment Start********************
INFO:mlp:|2024-10-13 17:28:19| MAE=0.0007 RMSE=0.0009 NMAE=0.1353 NRMSE=0.1681
INFO:mlp:|2024-10-13 17:28:19| MAE=0.0007 RMSE=0.0009 NMAE=0.1384 NRMSE=0.1692
INFO:mlp:|2024-10-13 17:28:19| MAE=0.0007 RMSE=0.0010 NMAE=0.1472 NRMSE=0.1828
INFO:mlp:|2024-10-13 17:28:19| MAE=0.0007 RMSE=0.0009 NMAE=0.1337 NRMSE=0.1657
INFO:mlp:|2024-10-13 17:28:20| MAE=0.0007 RMSE=0.0009 NMAE=0.1346 NRMSE=0.1754
INFO:mlp:|2024-10-13 17:28:20| ********************Experiment Results:********************
INFO:mlp:|2024-10-13 17:28:20| MAE: 0.0007 ± 0.0000
INFO:mlp:|2024-10-13 17:28:20| RMSE: 0.0009 ± 0.0000
INFO:mlp:|2024-10-13 17:28:20| NMAE: 0.1378 ± 0.0049
INFO:mlp:|2024-10-13 17:28:20| NRMSE: 0.1722 ± 0.0062
INFO:mlp:|2024-10-13 17:28:20| Acc_1: 0.0534 ± 0.0046
INFO:mlp:|2024-10-13 17:28:20| Acc_5: 0.2600 ± 0.0164
INFO:mlp:|2024-10-13 17:28:20| Acc_10: 0.4870 ± 0.0261
INFO:mlp:|2024-10-13 17:28:20| train_time: 1.0029 ± 0.6651
INFO:mlp:|2024-10-13 17:28:20| ********************Experiment Success********************
