INFO:mlp:|2024-10-13 17:20:53| {
     'bs': 8, 'classification': False, 'dataset': cpu, 'debug': False,
     'decay': 0.0001, 'density': 0.8, 'device': cpu, 'device_name': core-i7-7820x,
     'epochs': 1000, 'experiment': False, 'inductive': False, 'logger': None,
     'loss_func': L1Loss, 'lr': 0.001, 'model': mlp, 'optim': AdamW,
     'path': ./datasets/, 'patience': 100, 'program_test': False, 'rank': 300,
     'record': True, 'retrain': False, 'rounds': 5, 'seed': 0,
     'train_device': desktop-cpu-core-i7-7820x-fp32, 'train_size': 100, 'verbose': 0, 'visualize': True,
}
INFO:mlp:|2024-10-13 17:20:53| ********************Experiment Start********************
INFO:mlp:|2024-10-13 17:21:04| Round=1 BestEpoch=108 MAE=0.0007 RMSE=0.0009 NMAE=0.1331 NRMSE=0.1655 Training_time=2.1 s 
INFO:mlp:|2024-10-13 17:21:15| Round=2 BestEpoch=131 MAE=0.0007 RMSE=0.0009 NMAE=0.1357 NRMSE=0.1674 Training_time=2.6 s 
INFO:mlp:|2024-10-13 17:21:20| Round=3 BestEpoch= 10 MAE=0.0007 RMSE=0.0010 NMAE=0.1495 NRMSE=0.1863 Training_time=0.2 s 
INFO:mlp:|2024-10-13 17:21:27| Round=4 BestEpoch= 35 MAE=0.0007 RMSE=0.0009 NMAE=0.1351 NRMSE=0.1670 Training_time=0.8 s 
INFO:mlp:|2024-10-13 17:21:34| Round=5 BestEpoch= 44 MAE=0.0007 RMSE=0.0009 NMAE=0.1349 NRMSE=0.1739 Training_time=0.9 s 
INFO:mlp:|2024-10-13 17:21:34| ********************Experiment Results:********************
INFO:mlp:|2024-10-13 17:21:34| MAE: 0.0007 ± 0.0000
INFO:mlp:|2024-10-13 17:21:34| RMSE: 0.0009 ± 0.0000
INFO:mlp:|2024-10-13 17:21:34| NMAE: 0.1376 ± 0.0060
INFO:mlp:|2024-10-13 17:21:34| NRMSE: 0.1720 ± 0.0077
INFO:mlp:|2024-10-13 17:21:34| Acc_1: 0.0532 ± 0.0033
INFO:mlp:|2024-10-13 17:21:34| Acc_5: 0.2613 ± 0.0108
INFO:mlp:|2024-10-13 17:21:34| Acc_10: 0.4899 ± 0.0217
INFO:mlp:|2024-10-13 17:21:34| train_time: 1.3171 ± 0.8814
