INFO:brp_nas:|2024-07-23 12:59:00| {'classification': False, 'visualize': True, 'inductive': False, 'bs': 1, 'lr': 0.001, 'decay': 0.0001, 'loss_func': 'L1Loss', 'optim': 'AdamW', 'path': './datasets/', 'dataset': 'cpu', 'train_size': 900, 'density': 0.8, 'logger': 'None', 'model': 'brp_nas', 'rank': 40, 'num_windows': 12, 'num_preds': 1, 'seed': 0, 'rounds': 5, 'epochs': 500, 'patience': 50, 'verbose': 0, 'device': 'cuda', 'debug': False, 'experiment': False, 'program_test': False, 'record': True, 'train_device': 'desktop-cpu-core-i7-7820x-fp32', 'device_name': 'core-i7-7820x', 'log': <utils.logger.Logger object at 0x12837c7e91f0>}
INFO:brp_nas:|2024-07-23 12:59:00| ********************Experiment Start********************
INFO:brp_nas:|2024-07-23 13:05:54| Round=1 BestEpoch=230 MAE=0.0002 RMSE=0.0002 NMAE=0.0336 NRMSE=0.0472 Training_time=305.7 s 
INFO:brp_nas:|2024-07-23 13:05:54| Acc = [1%=0.2750, 5%=0.7753, 10%=0.9193] 
INFO:brp_nas:|2024-07-23 13:13:40| Round=2 BestEpoch=263 MAE=0.0001 RMSE=0.0002 NMAE=0.0277 NRMSE=0.0408 Training_time=350.7 s 
INFO:brp_nas:|2024-07-23 13:13:40| Acc = [1%=0.3192, 5%=0.8388, 10%=0.9655] 
INFO:brp_nas:|2024-07-23 13:22:42| Round=3 BestEpoch=314 MAE=0.0001 RMSE=0.0002 NMAE=0.0257 NRMSE=0.0375 Training_time=418.6 s 
INFO:brp_nas:|2024-07-23 13:22:42| Acc = [1%=0.3485, 5%=0.8406, 10%=0.9673] 
INFO:brp_nas:|2024-07-23 13:30:15| Round=4 BestEpoch=254 MAE=0.0002 RMSE=0.0004 NMAE=0.0439 NRMSE=0.0685 Training_time=339.3 s 
INFO:brp_nas:|2024-07-23 13:30:15| Acc = [1%=0.2668, 5%=0.7176, 10%=0.8724] 
INFO:brp_nas:|2024-07-23 13:36:56| Round=5 BestEpoch=218 MAE=0.0002 RMSE=0.0003 NMAE=0.0395 NRMSE=0.0656 Training_time=291.9 s 
INFO:brp_nas:|2024-07-23 13:36:56| Acc = [1%=0.2828, 5%=0.7708, 10%=0.9165] 
INFO:brp_nas:|2024-07-23 13:36:56| ********************Experiment Results:********************
INFO:brp_nas:|2024-07-23 13:36:56| MAE: 0.0002 ± 0.0000
INFO:brp_nas:|2024-07-23 13:36:56| RMSE: 0.0003 ± 0.0001
INFO:brp_nas:|2024-07-23 13:36:56| NMAE: 0.0341 ± 0.0069
INFO:brp_nas:|2024-07-23 13:36:56| NRMSE: 0.0519 ± 0.0128
INFO:brp_nas:|2024-07-23 13:36:56| Acc_1: 0.2985 ± 0.0308
INFO:brp_nas:|2024-07-23 13:36:56| Acc_5: 0.7886 ± 0.0464
INFO:brp_nas:|2024-07-23 13:36:56| Acc_10: 0.9282 ± 0.0354
INFO:brp_nas:|2024-07-23 13:36:56| ********************Experiment Success********************
