INFO:brp_nas:|2024-08-17 23:12:11| {'classification': False, 'visualize': True, 'inductive': False, 'bs': 1, 'lr': 0.001, 'decay': 0.0001, 'loss_func': 'L1Loss', 'optim': 'AdamW', 'path': './datasets/', 'dataset': 'cpu', 'train_size': 500, 'density': 0.8, 'logger': 'None', 'model': 'brp_nas', 'rank': 40, 'num_windows': 12, 'num_preds': 1, 'seed': 0, 'rounds': 10, 'epochs': 1000, 'patience': 100, 'verbose': 0, 'device': 'cuda', 'debug': False, 'experiment': False, 'program_test': False, 'record': True, 'train_device': 'desktop-cpu-core-i7-7820x-fp32', 'device_name': 'core-i7-7820x', 'log': <utils.logger.Logger object at 0xc4d137cfca0>}
INFO:brp_nas:|2024-08-17 23:12:11| ********************Experiment Start********************
INFO:brp_nas:|2024-08-17 23:18:52| Round=1 BestEpoch=407 MAE=0.0002 RMSE=0.0003 NMAE=0.0394 NRMSE=0.0592 Training_time=262.8 s 
INFO:brp_nas:|2024-08-17 23:18:52| Acc = [1%=0.2529, 5%=0.7507, 10%=0.9224] 
INFO:brp_nas:|2024-08-17 23:27:07| Round=2 BestEpoch=524 MAE=0.0002 RMSE=0.0003 NMAE=0.0356 NRMSE=0.0562 Training_time=338.4 s 
INFO:brp_nas:|2024-08-17 23:27:07| Acc = [1%=0.3091, 5%=0.7698, 10%=0.9309] 
INFO:brp_nas:|2024-08-17 23:34:16| Round=3 BestEpoch=442 MAE=0.0002 RMSE=0.0004 NMAE=0.0398 NRMSE=0.0713 Training_time=285.6 s 
INFO:brp_nas:|2024-08-17 23:34:16| Acc = [1%=0.3299, 5%=0.7856, 10%=0.9143] 
INFO:brp_nas:|2024-08-17 23:44:19| Round=4 BestEpoch=662 MAE=0.0002 RMSE=0.0003 NMAE=0.0389 NRMSE=0.0612 Training_time=427.9 s 
INFO:brp_nas:|2024-08-17 23:44:19| Acc = [1%=0.3061, 5%=0.7553, 10%=0.9194] 
INFO:brp_nas:|2024-08-17 23:50:39| Round=5 BestEpoch=379 MAE=0.0002 RMSE=0.0004 NMAE=0.0481 NRMSE=0.0768 Training_time=244.6 s 
INFO:brp_nas:|2024-08-17 23:50:39| Acc = [1%=0.2612, 5%=0.6976, 10%=0.8535] 
INFO:brp_nas:|2024-08-17 23:57:10| Round=6 BestEpoch=394 MAE=0.0002 RMSE=0.0004 NMAE=0.0500 NRMSE=0.0818 Training_time=254.5 s 
INFO:brp_nas:|2024-08-17 23:57:10| Acc = [1%=0.2351, 5%=0.6947, 10%=0.8524] 
INFO:brp_nas:|2024-08-18 00:07:15| Round=7 BestEpoch=661 MAE=0.0002 RMSE=0.0003 NMAE=0.0368 NRMSE=0.0577 Training_time=428.6 s 
INFO:brp_nas:|2024-08-18 00:07:15| Acc = [1%=0.2509, 5%=0.7951, 10%=0.9320] 
INFO:brp_nas:|2024-08-18 00:13:17| Round=8 BestEpoch=356 MAE=0.0002 RMSE=0.0004 NMAE=0.0465 NRMSE=0.0801 Training_time=230.0 s 
INFO:brp_nas:|2024-08-18 00:13:17| Acc = [1%=0.2898, 5%=0.7311, 10%=0.8719] 
INFO:brp_nas:|2024-08-18 00:21:59| Round=9 BestEpoch=559 MAE=0.0002 RMSE=0.0003 NMAE=0.0383 NRMSE=0.0552 Training_time=361.8 s 
INFO:brp_nas:|2024-08-18 00:21:59| Acc = [1%=0.2743, 5%=0.7160, 10%=0.8816] 
INFO:brp_nas:|2024-08-18 00:25:11| Round=10 BestEpoch=141 MAE=0.0003 RMSE=0.0004 NMAE=0.0520 NRMSE=0.0801 Training_time=91.0 s 
INFO:brp_nas:|2024-08-18 00:25:11| Acc = [1%=0.2533, 5%=0.6632, 10%=0.8212] 
INFO:brp_nas:|2024-08-18 00:25:11| ********************Experiment Results:********************
INFO:brp_nas:|2024-08-18 00:25:11| MAE: 0.0002 ± 0.0000
INFO:brp_nas:|2024-08-18 00:25:11| RMSE: 0.0004 ± 0.0001
INFO:brp_nas:|2024-08-18 00:25:11| NMAE: 0.0426 ± 0.0057
INFO:brp_nas:|2024-08-18 00:25:11| NRMSE: 0.0680 ± 0.0105
INFO:brp_nas:|2024-08-18 00:25:11| Acc_1: 0.2763 ± 0.0294
INFO:brp_nas:|2024-08-18 00:25:11| Acc_5: 0.7359 ± 0.0407
INFO:brp_nas:|2024-08-18 00:25:11| Acc_10: 0.8900 ± 0.0372
INFO:brp_nas:|2024-08-18 00:25:11| ********************Experiment Success********************
