INFO:lstm:|2024-07-23 12:16:06| {'classification': False, 'visualize': True, 'inductive': False, 'bs': 32, 'lr': 0.001, 'decay': 0.0001, 'loss_func': 'L1Loss', 'optim': 'AdamW', 'path': './datasets/', 'dataset': 'cpu', 'train_size': 200, 'density': 0.8, 'logger': 'None', 'model': 'lstm', 'rank': 40, 'num_windows': 12, 'num_preds': 1, 'seed': 0, 'rounds': 5, 'epochs': 500, 'patience': 50, 'verbose': 0, 'device': 'cuda', 'debug': False, 'experiment': False, 'program_test': False, 'record': True, 'train_device': 'desktop-cpu-core-i7-7820x-fp32', 'device_name': 'core-i7-7820x', 'log': <utils.logger.Logger object at 0x12d719f691f0>}
INFO:lstm:|2024-07-23 12:16:06| ********************Experiment Start********************
INFO:lstm:|2024-07-23 12:16:36| Round=1 BestEpoch=351 MAE=0.0006 RMSE=0.0008 NMAE=0.1195 NRMSE=0.1498 Training_time=13.0 s 
INFO:lstm:|2024-07-23 12:16:36| Acc = [1%=0.0599, 5%=0.2904, 10%=0.5287] 
INFO:lstm:|2024-07-23 12:16:59| Round=2 BestEpoch=263 MAE=0.0006 RMSE=0.0008 NMAE=0.1232 NRMSE=0.1546 Training_time=9.7 s 
INFO:lstm:|2024-07-23 12:16:59| Acc = [1%=0.0635, 5%=0.2998, 10%=0.5244] 
INFO:lstm:|2024-07-23 12:17:29| Round=3 BestEpoch=364 MAE=0.0006 RMSE=0.0008 NMAE=0.1182 NRMSE=0.1474 Training_time=13.4 s 
INFO:lstm:|2024-07-23 12:17:29| Acc = [1%=0.0613, 5%=0.2998, 10%=0.5385] 
INFO:lstm:|2024-07-23 12:18:05| Round=4 BestEpoch=466 MAE=0.0006 RMSE=0.0008 NMAE=0.1148 NRMSE=0.1446 Training_time=17.2 s 
INFO:lstm:|2024-07-23 12:18:05| Acc = [1%=0.0658, 5%=0.3099, 10%=0.5580] 
INFO:lstm:|2024-07-23 12:18:16| Round=5 BestEpoch= 93 MAE=0.0006 RMSE=0.0008 NMAE=0.1242 NRMSE=0.1565 Training_time=3.4 s 
INFO:lstm:|2024-07-23 12:18:16| Acc = [1%=0.0603, 5%=0.3022, 10%=0.5282] 
INFO:lstm:|2024-07-23 12:18:16| ********************Experiment Results:********************
INFO:lstm:|2024-07-23 12:18:16| MAE: 0.0006 ± 0.0000
INFO:lstm:|2024-07-23 12:18:16| RMSE: 0.0008 ± 0.0000
INFO:lstm:|2024-07-23 12:18:16| NMAE: 0.1200 ± 0.0034
INFO:lstm:|2024-07-23 12:18:16| NRMSE: 0.1506 ± 0.0044
INFO:lstm:|2024-07-23 12:18:16| Acc_1: 0.0622 ± 0.0022
INFO:lstm:|2024-07-23 12:18:16| Acc_5: 0.3004 ± 0.0062
INFO:lstm:|2024-07-23 12:18:16| Acc_10: 0.5356 ± 0.0121
INFO:lstm:|2024-07-23 12:18:16| ********************Experiment Success********************
