INFO:lstm:|2024-07-20 21:35:31| {'classification': False, 'visualize': True, 'bs': 32, 'lr': 0.001, 'decay': 0.0001, 'loss_func': 'L1Loss', 'optim': 'AdamW', 'path': './datasets/', 'dataset': 'cpu', 'train_size': 100, 'density': 0.8, 'device_name': 'core-i7-7820x', 'logger': 'None', 'model': 'lstm', 'rank': 40, 'num_windows': 12, 'num_preds': 1, 'seed': 0, 'rounds': 5, 'epochs': 500, 'patience': 50, 'verbose': 1, 'device': 'cuda', 'debug': False, 'experiment': False, 'program_test': False, 'record': True, 'log': <utils.logger.Logger object at 0x1361a0950c70>}
INFO:lstm:|2024-07-20 21:35:31| ********************Experiment Start********************
INFO:lstm:|2024-07-20 21:35:43| Round=1 BestEpoch= 90 MAE=0.0007 RMSE=0.0009 NMAE=0.1406 NRMSE=0.1725 Training_time=3.4 s 
INFO:lstm:|2024-07-20 21:35:43| Acc = [1%=0.0497, 5%=0.2501, 10%=0.4573] 
INFO:lstm:|2024-07-20 21:35:51| Round=2 BestEpoch= 53 MAE=0.0007 RMSE=0.0009 NMAE=0.1392 NRMSE=0.1747 Training_time=2.0 s 
INFO:lstm:|2024-07-20 21:35:51| Acc = [1%=0.0550, 5%=0.2562, 10%=0.4832] 
INFO:lstm:|2024-07-20 21:36:04| Round=3 BestEpoch=123 MAE=0.0007 RMSE=0.0009 NMAE=0.1364 NRMSE=0.1674 Training_time=4.7 s 
INFO:lstm:|2024-07-20 21:36:04| Acc = [1%=0.0547, 5%=0.2524, 10%=0.4734] 
INFO:lstm:|2024-07-20 21:36:13| Round=4 BestEpoch= 57 MAE=0.0007 RMSE=0.0009 NMAE=0.1397 NRMSE=0.1722 Training_time=2.2 s 
INFO:lstm:|2024-07-20 21:36:13| Acc = [1%=0.0524, 5%=0.2496, 10%=0.4666] 
INFO:lstm:|2024-07-20 21:36:21| Round=5 BestEpoch= 55 MAE=0.0007 RMSE=0.0009 NMAE=0.1349 NRMSE=0.1684 Training_time=2.1 s 
INFO:lstm:|2024-07-20 21:36:21| Acc = [1%=0.0587, 5%=0.2759, 10%=0.4963] 
INFO:lstm:|2024-07-20 21:36:21| ********************Experiment Results:********************
INFO:lstm:|2024-07-20 21:36:21| MAE: 0.0007 ± 0.0000
INFO:lstm:|2024-07-20 21:36:21| RMSE: 0.0009 ± 0.0000
INFO:lstm:|2024-07-20 21:36:21| NMAE: 0.1382 ± 0.0021
INFO:lstm:|2024-07-20 21:36:21| NRMSE: 0.1710 ± 0.0027
INFO:lstm:|2024-07-20 21:36:21| Acc_1: 0.0541 ± 0.0030
INFO:lstm:|2024-07-20 21:36:21| Acc_5: 0.2569 ± 0.0098
INFO:lstm:|2024-07-20 21:36:21| Acc_10: 0.4754 ± 0.0135
INFO:lstm:|2024-07-20 21:36:21| ********************Experiment Success********************
