INFO:lstm:|2024-07-20 23:26:44| {'classification': False, 'visualize': True, 'bs': 32, 'lr': 0.001, 'decay': 0.0001, 'loss_func': 'L1Loss', 'optim': 'AdamW', 'path': './datasets/', 'dataset': 'cpu', 'train_size': 900, 'density': 0.8, 'device_name': 'core-i7-7820x', 'logger': 'None', 'model': 'lstm', 'rank': 40, 'num_windows': 12, 'num_preds': 1, 'seed': 0, 'rounds': 5, 'epochs': 500, 'patience': 50, 'verbose': 1, 'device': 'cuda', 'debug': False, 'experiment': False, 'program_test': False, 'record': True, 'log': <utils.logger.Logger object at 0x102feb390c70>}
INFO:lstm:|2024-07-20 23:26:44| ********************Experiment Start********************
INFO:lstm:|2024-07-20 23:27:24| Round=1 BestEpoch=338 MAE=0.0003 RMSE=0.0004 NMAE=0.0615 NRMSE=0.0775 Training_time=20.1 s 
INFO:lstm:|2024-07-20 23:27:24| Acc = [1%=0.1182, 5%=0.5154, 10%=0.7671] 
INFO:lstm:|2024-07-20 23:27:58| Round=2 BestEpoch=288 MAE=0.0003 RMSE=0.0004 NMAE=0.0579 NRMSE=0.0737 Training_time=16.9 s 
INFO:lstm:|2024-07-20 23:27:58| Acc = [1%=0.1281, 5%=0.5473, 10%=0.7998] 
INFO:lstm:|2024-07-20 23:28:33| Round=3 BestEpoch=300 MAE=0.0003 RMSE=0.0004 NMAE=0.0522 NRMSE=0.0675 Training_time=17.7 s 
INFO:lstm:|2024-07-20 23:28:33| Acc = [1%=0.1452, 5%=0.5895, 10%=0.8217] 
INFO:lstm:|2024-07-20 23:29:13| Round=4 BestEpoch=346 MAE=0.0003 RMSE=0.0004 NMAE=0.0595 NRMSE=0.0762 Training_time=20.5 s 
INFO:lstm:|2024-07-20 23:29:13| Acc = [1%=0.1262, 5%=0.5395, 10%=0.7928] 
INFO:lstm:|2024-07-20 23:29:42| Round=5 BestEpoch=235 MAE=0.0002 RMSE=0.0003 NMAE=0.0486 NRMSE=0.0608 Training_time=13.8 s 
INFO:lstm:|2024-07-20 23:29:42| Acc = [1%=0.1450, 5%=0.6081, 10%=0.8377] 
INFO:lstm:|2024-07-20 23:29:42| ********************Experiment Results:********************
INFO:lstm:|2024-07-20 23:29:42| MAE: 0.0003 ± 0.0000
INFO:lstm:|2024-07-20 23:29:42| RMSE: 0.0004 ± 0.0000
INFO:lstm:|2024-07-20 23:29:42| NMAE: 0.0559 ± 0.0048
INFO:lstm:|2024-07-20 23:29:42| NRMSE: 0.0712 ± 0.0062
INFO:lstm:|2024-07-20 23:29:42| Acc_1: 0.1325 ± 0.0108
INFO:lstm:|2024-07-20 23:29:42| Acc_5: 0.5600 ± 0.0339
INFO:lstm:|2024-07-20 23:29:42| Acc_10: 0.8038 ± 0.0243
INFO:lstm:|2024-07-20 23:29:42| ********************Experiment Success********************
