INFO:gru:|2024-07-22 18:58:11| {'classification': False, 'visualize': True, 'inductive': False, 'bs': 32, 'lr': 0.001, 'decay': 0.0001, 'loss_func': 'L1Loss', 'optim': 'AdamW', 'path': './datasets/', 'dataset': 'cpu', 'train_size': 500, 'density': 0.8, 'logger': 'None', 'model': 'gru', 'rank': 40, 'num_windows': 12, 'num_preds': 1, 'seed': 0, 'rounds': 5, 'epochs': 500, 'patience': 50, 'verbose': 1, 'device': 'cuda', 'debug': False, 'experiment': False, 'program_test': False, 'record': True, 'log': <utils.logger.Logger object at 0x1384963a91f0>}
INFO:gru:|2024-07-22 18:58:11| ********************Experiment Start********************
INFO:gru:|2024-07-22 18:58:41| Round=1 BestEpoch=392 MAE=0.0004 RMSE=0.0006 NMAE=0.0845 NRMSE=0.1086 Training_time=14.0 s 
INFO:gru:|2024-07-22 18:58:41| Acc = [1%=0.0966, 5%=0.4219, 10%=0.6686] 
INFO:gru:|2024-07-22 18:59:03| Round=2 BestEpoch=292 MAE=0.0004 RMSE=0.0006 NMAE=0.0877 NRMSE=0.1111 Training_time=11.2 s 
INFO:gru:|2024-07-22 18:59:03| Acc = [1%=0.0944, 5%=0.4118, 10%=0.6437] 
INFO:gru:|2024-07-22 18:59:24| Round=3 BestEpoch=272 MAE=0.0004 RMSE=0.0005 NMAE=0.0757 NRMSE=0.0972 Training_time=10.3 s 
INFO:gru:|2024-07-22 18:59:24| Acc = [1%=0.0994, 5%=0.4506, 10%=0.7136] 
INFO:gru:|2024-07-22 18:59:52| Round=4 BestEpoch=378 MAE=0.0004 RMSE=0.0005 NMAE=0.0803 NRMSE=0.1033 Training_time=14.3 s 
INFO:gru:|2024-07-22 18:59:52| Acc = [1%=0.0978, 5%=0.4446, 10%=0.6909] 
INFO:gru:|2024-07-22 19:00:13| Round=5 BestEpoch=269 MAE=0.0004 RMSE=0.0006 NMAE=0.0856 NRMSE=0.1090 Training_time=10.2 s 
INFO:gru:|2024-07-22 19:00:13| Acc = [1%=0.0921, 5%=0.4125, 10%=0.6632] 
INFO:gru:|2024-07-22 19:00:13| ********************Experiment Results:********************
INFO:gru:|2024-07-22 19:00:13| MAE: 0.0004 ± 0.0000
INFO:gru:|2024-07-22 19:00:13| RMSE: 0.0005 ± 0.0000
INFO:gru:|2024-07-22 19:00:13| NMAE: 0.0828 ± 0.0043
INFO:gru:|2024-07-22 19:00:13| NRMSE: 0.1058 ± 0.0050
INFO:gru:|2024-07-22 19:00:13| Acc_1: 0.0961 ± 0.0026
INFO:gru:|2024-07-22 19:00:13| Acc_5: 0.4283 ± 0.0163
INFO:gru:|2024-07-22 19:00:13| Acc_10: 0.6760 ± 0.0241
INFO:gru:|2024-07-22 19:00:13| ********************Experiment Success********************
