INFO:lstm:|2024-08-17 22:20:25| {'classification': False, 'visualize': True, 'inductive': False, 'bs': 32, 'lr': 0.001, 'decay': 0.0001, 'loss_func': 'L1Loss', 'optim': 'AdamW', 'path': './datasets/', 'dataset': 'cpu', 'train_size': 100, 'density': 0.8, 'logger': 'None', 'model': 'lstm', 'rank': 40, 'num_windows': 12, 'num_preds': 1, 'seed': 0, 'rounds': 10, 'epochs': 1000, 'patience': 100, 'verbose': 0, 'device': 'cuda', 'debug': False, 'experiment': False, 'program_test': False, 'record': True, 'train_device': 'desktop-cpu-core-i7-7820x-fp32', 'device_name': 'core-i7-7820x', 'log': <utils.logger.Logger object at 0xde9f603bca0>}
INFO:lstm:|2024-08-17 22:20:25| ********************Experiment Start********************
INFO:lstm:|2024-08-17 22:20:49| Round=1 BestEpoch=259 MAE=0.0006 RMSE=0.0008 NMAE=0.1315 NRMSE=0.1629 Training_time=7.8 s 
INFO:lstm:|2024-08-17 22:20:49| Acc = [1%=0.0581, 5%=0.2669, 10%=0.4854] 
INFO:lstm:|2024-08-17 22:20:58| Round=2 BestEpoch= 38 MAE=0.0007 RMSE=0.0009 NMAE=0.1439 NRMSE=0.1815 Training_time=1.1 s 
INFO:lstm:|2024-08-17 22:20:58| Acc = [1%=0.0570, 5%=0.2616, 10%=0.4707] 
INFO:lstm:|2024-08-17 22:21:13| Round=3 BestEpoch=113 MAE=0.0007 RMSE=0.0009 NMAE=0.1342 NRMSE=0.1669 Training_time=3.4 s 
INFO:lstm:|2024-08-17 22:21:13| Acc = [1%=0.0506, 5%=0.2608, 10%=0.4917] 
INFO:lstm:|2024-08-17 22:21:25| Round=4 BestEpoch= 87 MAE=0.0007 RMSE=0.0009 NMAE=0.1395 NRMSE=0.1741 Training_time=2.6 s 
INFO:lstm:|2024-08-17 22:21:25| Acc = [1%=0.0518, 5%=0.2593, 10%=0.4717] 
INFO:lstm:|2024-08-17 22:21:35| Round=5 BestEpoch= 55 MAE=0.0006 RMSE=0.0009 NMAE=0.1330 NRMSE=0.1646 Training_time=1.7 s 
INFO:lstm:|2024-08-17 22:21:35| Acc = [1%=0.0565, 5%=0.2690, 10%=0.4933] 
INFO:lstm:|2024-08-17 22:21:51| Round=6 BestEpoch=135 MAE=0.0008 RMSE=0.0010 NMAE=0.1690 NRMSE=0.2019 Training_time=4.1 s 
INFO:lstm:|2024-08-17 22:21:51| Acc = [1%=0.0389, 5%=0.1911, 10%=0.3686] 
INFO:lstm:|2024-08-17 22:22:02| Round=7 BestEpoch= 64 MAE=0.0007 RMSE=0.0009 NMAE=0.1409 NRMSE=0.1750 Training_time=1.9 s 
INFO:lstm:|2024-08-17 22:22:02| Acc = [1%=0.0530, 5%=0.2552, 10%=0.4707] 
INFO:lstm:|2024-08-17 22:22:31| Round=8 BestEpoch=331 MAE=0.0007 RMSE=0.0010 NMAE=0.1495 NRMSE=0.1828 Training_time=10.0 s 
INFO:lstm:|2024-08-17 22:22:31| Acc = [1%=0.0469, 5%=0.2362, 10%=0.4394] 
INFO:lstm:|2024-08-17 22:22:54| Round=9 BestEpoch=253 MAE=0.0006 RMSE=0.0008 NMAE=0.1235 NRMSE=0.1541 Training_time=7.7 s 
INFO:lstm:|2024-08-17 22:22:54| Acc = [1%=0.0605, 5%=0.2970, 10%=0.5177] 
INFO:lstm:|2024-08-17 22:23:24| Round=10 BestEpoch=336 MAE=0.0006 RMSE=0.0009 NMAE=0.1326 NRMSE=0.1654 Training_time=10.1 s 
INFO:lstm:|2024-08-17 22:23:24| Acc = [1%=0.0544, 5%=0.2732, 10%=0.4976] 
INFO:lstm:|2024-08-17 22:23:24| ********************Experiment Results:********************
INFO:lstm:|2024-08-17 22:23:24| MAE: 0.0007 ± 0.0001
INFO:lstm:|2024-08-17 22:23:24| RMSE: 0.0009 ± 0.0001
INFO:lstm:|2024-08-17 22:23:24| NMAE: 0.1398 ± 0.0120
INFO:lstm:|2024-08-17 22:23:24| NRMSE: 0.1729 ± 0.0128
INFO:lstm:|2024-08-17 22:23:24| Acc_1: 0.0528 ± 0.0060
INFO:lstm:|2024-08-17 22:23:24| Acc_5: 0.2570 ± 0.0263
INFO:lstm:|2024-08-17 22:23:24| Acc_10: 0.4707 ± 0.0394
INFO:lstm:|2024-08-17 22:23:24| ********************Experiment Success********************
