INFO:brp_nas:|2024-07-20 21:14:15| {'classification': False, 'visualize': True, 'bs': 1, 'lr': 0.001, 'decay': 0.0001, 'loss_func': 'L1Loss', 'optim': 'AdamW', 'path': './datasets/', 'dataset': 'cpu', 'train_size': 50, 'density': 0.8, 'device_name': 'core-i7-7820x', 'logger': 'None', 'model': 'brp_nas', 'rank': 40, 'num_windows': 12, 'num_preds': 1, 'seed': 0, 'rounds': 5, 'epochs': 500, 'patience': 50, 'verbose': 1, 'device': 'cuda', 'debug': False, 'experiment': False, 'program_test': False, 'record': True, 'log': <utils.logger.Logger object at 0x12ece80a9c70>}
INFO:brp_nas:|2024-07-20 21:14:15| ********************Experiment Start********************
INFO:brp_nas:|2024-07-20 21:16:07| Round=1 BestEpoch=421 MAE=0.0004 RMSE=0.0005 NMAE=0.0786 NRMSE=0.1056 Training_time=39.9 s 
INFO:brp_nas:|2024-07-20 21:16:07| Acc = [1%=0.1118, 5%=0.4552, 10%=0.7192] 
INFO:brp_nas:|2024-07-20 21:17:02| Round=2 BestEpoch=174 MAE=0.0006 RMSE=0.0008 NMAE=0.1166 NRMSE=0.1550 Training_time=16.7 s 
INFO:brp_nas:|2024-07-20 21:17:02| Acc = [1%=0.0770, 5%=0.3763, 10%=0.5679] 
INFO:brp_nas:|2024-07-20 21:18:21| Round=3 BestEpoch=286 MAE=0.0005 RMSE=0.0007 NMAE=0.1020 NRMSE=0.1305 Training_time=26.9 s 
INFO:brp_nas:|2024-07-20 21:18:21| Acc = [1%=0.0703, 5%=0.3411, 10%=0.5723] 
INFO:brp_nas:|2024-07-20 21:19:04| Round=4 BestEpoch=132 MAE=0.0005 RMSE=0.0007 NMAE=0.1062 NRMSE=0.1360 Training_time=12.4 s 
INFO:brp_nas:|2024-07-20 21:19:04| Acc = [1%=0.0824, 5%=0.3192, 10%=0.5891] 
INFO:brp_nas:|2024-07-20 21:19:54| Round=5 BestEpoch=154 MAE=0.0005 RMSE=0.0007 NMAE=0.1003 NRMSE=0.1283 Training_time=14.8 s 
INFO:brp_nas:|2024-07-20 21:19:54| Acc = [1%=0.0544, 5%=0.3411, 10%=0.6434] 
INFO:brp_nas:|2024-07-20 21:19:54| ********************Experiment Results:********************
INFO:brp_nas:|2024-07-20 21:19:54| MAE: 0.0005 ± 0.0001
INFO:brp_nas:|2024-07-20 21:19:54| RMSE: 0.0007 ± 0.0001
INFO:brp_nas:|2024-07-20 21:19:54| NMAE: 0.1007 ± 0.0125
INFO:brp_nas:|2024-07-20 21:19:54| NRMSE: 0.1311 ± 0.0158
INFO:brp_nas:|2024-07-20 21:19:54| Acc_1: 0.0792 ± 0.0188
INFO:brp_nas:|2024-07-20 21:19:54| Acc_5: 0.3666 ± 0.0479
INFO:brp_nas:|2024-07-20 21:19:54| Acc_10: 0.6184 ± 0.0571
INFO:brp_nas:|2024-07-20 21:19:54| ********************Experiment Success********************
