INFO:brp_nas:|2024-07-20 21:29:46| {'classification': False, 'visualize': True, 'bs': 1, 'lr': 0.001, 'decay': 0.0001, 'loss_func': 'L1Loss', 'optim': 'AdamW', 'path': './datasets/', 'dataset': 'cpu', 'train_size': 100, 'density': 0.8, 'device_name': 'core-i7-7820x', 'logger': 'None', 'model': 'brp_nas', 'rank': 40, 'num_windows': 12, 'num_preds': 1, 'seed': 0, 'rounds': 5, 'epochs': 500, 'patience': 50, 'verbose': 1, 'device': 'cuda', 'debug': False, 'experiment': False, 'program_test': False, 'record': True, 'log': <utils.logger.Logger object at 0x100e4f590c70>}
INFO:brp_nas:|2024-07-20 21:29:46| ********************Experiment Start********************
INFO:brp_nas:|2024-07-20 21:30:45| Round=1 BestEpoch=141 MAE=0.0004 RMSE=0.0006 NMAE=0.0877 NRMSE=0.1165 Training_time=23.4 s 
INFO:brp_nas:|2024-07-20 21:30:45| Acc = [1%=0.0598, 5%=0.3915, 10%=0.6970] 
INFO:brp_nas:|2024-07-20 21:31:55| Round=2 BestEpoch=176 MAE=0.0004 RMSE=0.0006 NMAE=0.0794 NRMSE=0.1094 Training_time=29.5 s 
INFO:brp_nas:|2024-07-20 21:31:55| Acc = [1%=0.0923, 5%=0.4452, 10%=0.7381] 
INFO:brp_nas:|2024-07-20 21:32:36| Round=3 BestEpoch= 80 MAE=0.0006 RMSE=0.0008 NMAE=0.1132 NRMSE=0.1471 Training_time=13.5 s 
INFO:brp_nas:|2024-07-20 21:32:36| Acc = [1%=0.0527, 5%=0.2931, 10%=0.5818] 
INFO:brp_nas:|2024-07-20 21:34:14| Round=4 BestEpoch=267 MAE=0.0005 RMSE=0.0007 NMAE=0.1022 NRMSE=0.1355 Training_time=44.4 s 
INFO:brp_nas:|2024-07-20 21:34:14| Acc = [1%=0.1276, 5%=0.4255, 10%=0.6272] 
INFO:brp_nas:|2024-07-20 21:35:30| Round=5 BestEpoch=196 MAE=0.0004 RMSE=0.0006 NMAE=0.0835 NRMSE=0.1155 Training_time=32.6 s 
INFO:brp_nas:|2024-07-20 21:35:30| Acc = [1%=0.1035, 5%=0.4905, 10%=0.6994] 
INFO:brp_nas:|2024-07-20 21:35:30| ********************Experiment Results:********************
INFO:brp_nas:|2024-07-20 21:35:30| MAE: 0.0005 ± 0.0001
INFO:brp_nas:|2024-07-20 21:35:30| RMSE: 0.0006 ± 0.0001
INFO:brp_nas:|2024-07-20 21:35:30| NMAE: 0.0932 ± 0.0126
INFO:brp_nas:|2024-07-20 21:35:30| NRMSE: 0.1248 ± 0.0142
INFO:brp_nas:|2024-07-20 21:35:30| Acc_1: 0.0872 ± 0.0278
INFO:brp_nas:|2024-07-20 21:35:30| Acc_5: 0.4092 ± 0.0663
INFO:brp_nas:|2024-07-20 21:35:30| Acc_10: 0.6687 ± 0.0563
INFO:brp_nas:|2024-07-20 21:35:30| ********************Experiment Success********************
