INFO:brp_nas:|2024-07-20 22:49:22| {'classification': False, 'visualize': True, 'bs': 1, 'lr': 0.001, 'decay': 0.0001, 'loss_func': 'L1Loss', 'optim': 'AdamW', 'path': './datasets/', 'dataset': 'cpu', 'train_size': 900, 'density': 0.8, 'device_name': 'core-i7-7820x', 'logger': 'None', 'model': 'brp_nas', 'rank': 40, 'num_windows': 12, 'num_preds': 1, 'seed': 0, 'rounds': 5, 'epochs': 500, 'patience': 50, 'verbose': 1, 'device': 'cuda', 'debug': False, 'experiment': False, 'program_test': False, 'record': True, 'log': <utils.logger.Logger object at 0x636a6790c70>}
INFO:brp_nas:|2024-07-20 22:49:22| ********************Experiment Start********************
INFO:brp_nas:|2024-07-20 22:55:57| Round=1 BestEpoch=230 MAE=0.0002 RMSE=0.0002 NMAE=0.0336 NRMSE=0.0472 Training_time=290.7 s 
INFO:brp_nas:|2024-07-20 22:55:57| Acc = [1%=0.2750, 5%=0.7753, 10%=0.9193] 
INFO:brp_nas:|2024-07-20 23:03:19| Round=2 BestEpoch=263 MAE=0.0001 RMSE=0.0002 NMAE=0.0277 NRMSE=0.0408 Training_time=333.2 s 
INFO:brp_nas:|2024-07-20 23:03:19| Acc = [1%=0.3192, 5%=0.8388, 10%=0.9655] 
INFO:brp_nas:|2024-07-20 23:11:53| Round=3 BestEpoch=314 MAE=0.0001 RMSE=0.0002 NMAE=0.0257 NRMSE=0.0375 Training_time=397.7 s 
INFO:brp_nas:|2024-07-20 23:11:53| Acc = [1%=0.3485, 5%=0.8406, 10%=0.9673] 
INFO:brp_nas:|2024-07-20 23:19:05| Round=4 BestEpoch=254 MAE=0.0002 RMSE=0.0004 NMAE=0.0439 NRMSE=0.0685 Training_time=323.8 s 
INFO:brp_nas:|2024-07-20 23:19:05| Acc = [1%=0.2668, 5%=0.7176, 10%=0.8724] 
INFO:brp_nas:|2024-07-20 23:25:28| Round=5 BestEpoch=218 MAE=0.0002 RMSE=0.0003 NMAE=0.0395 NRMSE=0.0656 Training_time=280.1 s 
INFO:brp_nas:|2024-07-20 23:25:28| Acc = [1%=0.2828, 5%=0.7708, 10%=0.9165] 
INFO:brp_nas:|2024-07-20 23:25:28| ********************Experiment Results:********************
INFO:brp_nas:|2024-07-20 23:25:28| MAE: 0.0002 ± 0.0000
INFO:brp_nas:|2024-07-20 23:25:28| RMSE: 0.0003 ± 0.0001
INFO:brp_nas:|2024-07-20 23:25:28| NMAE: 0.0341 ± 0.0069
INFO:brp_nas:|2024-07-20 23:25:28| NRMSE: 0.0519 ± 0.0128
INFO:brp_nas:|2024-07-20 23:25:28| Acc_1: 0.2985 ± 0.0308
INFO:brp_nas:|2024-07-20 23:25:28| Acc_5: 0.7886 ± 0.0464
INFO:brp_nas:|2024-07-20 23:25:28| Acc_10: 0.9282 ± 0.0354
INFO:brp_nas:|2024-07-20 23:25:28| ********************Experiment Success********************
