INFO:brp_nas:|2024-07-22 18:35:24| {'classification': False, 'visualize': True, 'inductive': False, 'bs': 1, 'lr': 0.001, 'decay': 0.0001, 'loss_func': 'L1Loss', 'optim': 'AdamW', 'path': './datasets/', 'dataset': 'cpu', 'train_size': 500, 'density': 0.8, 'logger': 'None', 'model': 'brp_nas', 'rank': 40, 'num_windows': 12, 'num_preds': 1, 'seed': 0, 'rounds': 5, 'epochs': 500, 'patience': 50, 'verbose': 1, 'device': 'cuda', 'debug': False, 'experiment': False, 'program_test': False, 'record': True, 'log': <utils.logger.Logger object at 0x1377f49e91f0>}
INFO:brp_nas:|2024-07-22 18:35:24| ********************Experiment Start********************
INFO:brp_nas:|2024-07-22 18:39:07| Round=1 BestEpoch=234 MAE=0.0002 RMSE=0.0004 NMAE=0.0508 NRMSE=0.0747 Training_time=154.9 s 
INFO:brp_nas:|2024-07-22 18:39:07| Acc = [1%=0.1980, 5%=0.6468, 10%=0.8820] 
INFO:brp_nas:|2024-07-22 18:42:44| Round=2 BestEpoch=225 MAE=0.0002 RMSE=0.0004 NMAE=0.0477 NRMSE=0.0734 Training_time=148.2 s 
INFO:brp_nas:|2024-07-22 18:42:44| Acc = [1%=0.2520, 5%=0.6689, 10%=0.8565] 
INFO:brp_nas:|2024-07-22 18:47:27| Round=3 BestEpoch=306 MAE=0.0002 RMSE=0.0004 NMAE=0.0477 NRMSE=0.0777 Training_time=203.5 s 
INFO:brp_nas:|2024-07-22 18:47:27| Acc = [1%=0.2513, 5%=0.7090, 10%=0.8659] 
INFO:brp_nas:|2024-07-22 18:51:29| Round=4 BestEpoch=254 MAE=0.0002 RMSE=0.0004 NMAE=0.0510 NRMSE=0.0776 Training_time=169.5 s 
INFO:brp_nas:|2024-07-22 18:51:29| Acc = [1%=0.2367, 5%=0.6801, 10%=0.8644] 
INFO:brp_nas:|2024-07-22 18:55:17| Round=5 BestEpoch=238 MAE=0.0002 RMSE=0.0004 NMAE=0.0510 NRMSE=0.0779 Training_time=157.2 s 
INFO:brp_nas:|2024-07-22 18:55:17| Acc = [1%=0.2372, 5%=0.6545, 10%=0.8357] 
INFO:brp_nas:|2024-07-22 18:55:17| ********************Experiment Results:********************
INFO:brp_nas:|2024-07-22 18:55:17| MAE: 0.0002 ± 0.0000
INFO:brp_nas:|2024-07-22 18:55:17| RMSE: 0.0004 ± 0.0000
INFO:brp_nas:|2024-07-22 18:55:17| NMAE: 0.0497 ± 0.0016
INFO:brp_nas:|2024-07-22 18:55:17| NRMSE: 0.0763 ± 0.0019
INFO:brp_nas:|2024-07-22 18:55:17| Acc_1: 0.2350 ± 0.0196
INFO:brp_nas:|2024-07-22 18:55:17| Acc_5: 0.6719 ± 0.0219
INFO:brp_nas:|2024-07-22 18:55:17| Acc_10: 0.8609 ± 0.0151
INFO:brp_nas:|2024-07-22 18:55:17| ********************Experiment Success********************
